#time_boot,lat,lon,alt,relative_alt,vx,vy,vz,heading
1911.376,55.3668148,10.4313547,36.240,-0.700,-0.05,0.00,0.00,350.42
1969.801,55.3668942,10.4312679,36.530,-0.410,-0.04,0.00,0.00,4.06
1970.001,55.3668909,10.4312707,36.530,-0.410,-0.04,0.00,0.00,7.40
1970.401,55.3668880,10.4312735,36.510,-0.430,-0.16,0.00,0.00,5.13
1970.603,55.3668853,10.4312757,36.490,-0.450,-0.06,0.00,0.00,356.57
1971.004,55.3668826,10.4312783,36.510,-0.430,-0.04,0.00,0.00,348.06
1971.406,55.3668805,10.4312792,36.480,-0.460,-0.15,0.00,0.00,343.26
1971.587,55.3668781,10.4312799,36.460,-0.480,-0.02,0.00,0.00,325.47
1971.988,55.3668754,10.4312811,36.480,-0.460,-0.05,0.00,0.00,303.00
1972.389,55.3668732,10.4312804,36.490,-0.450,0.09,0.00,0.00,287.85
1972.610,55.3668715,10.4312799,36.550,-0.390,0.01,0.00,0.00,288.54
1972.991,55.3668702,10.4312782,36.490,-0.450,-0.17,0.00,0.00,286.53
1973.192,55.3668684,10.4312766,36.510,-0.430,0.05,0.00,0.00,277.59
1973.613,55.3668661,10.4312751,36.450,-0.490,-0.18,0.00,0.00,277.56
1973.995,55.3668640,10.4312719,36.470,-0.470,0.09,0.00,0.00,280.62
1974.196,55.3668618,10.4312685,36.410,-0.530,-0.20,0.00,0.00,287.31
1974.598,55.3668596,10.4312661,36.380,-0.560,-0.01,0.00,0.00,287.72
1974.799,55.3668573,10.4312631,36.310,-0.630,-0.11,0.00,0.00,278.75
1975.200,55.3668544,10.4312593,36.280,-0.660,-0.07,0.00,0.00,270.04
1975.602,55.3668510,10.4312555,36.240,-0.700,-0.33,0.00,0.00,267.17
1975.803,55.3668470,10.4312520,36.250,-0.690,-0.12,0.00,0.00,265.58
1976.185,55.3668431,10.4312479,36.270,-0.670,-0.04,0.00,0.00,265.29
1976.406,55.3668394,10.4312439,36.320,-0.620,-0.11,0.00,0.00,261.51
1976.768,55.3668354,10.4312398,36.330,-0.610,-0.01,0.00,0.00,259.45
1977.188,55.3668314,10.4312362,36.360,-0.580,-0.13,0.00,0.00,254.74
1977.388,55.3668276,10.4312325,36.360,-0.580,0.04,0.00,0.00,249.49
1977.789,55.3668237,10.4312282,36.410,-0.530,-0.16,0.00,0.00,246.31
1977.990,55.3668196,10.4312238,36.390,-0.550,0.02,0.00,0.00,246.37
1978.391,55.3668157,10.4312191,36.400,-0.540,-0.16,0.00,0.00,244.77
1978.794,55.3668119,10.4312144,36.400,-0.540,0.09,0.00,0.00,234.62
1978.974,55.3668078,10.4312103,36.380,-0.560,-0.27,0.00,0.00,230.64
1979.395,55.3668036,10.4312060,36.350,-0.590,0.04,0.00,0.00,228.74
1979.778,55.3668000,10.4312011,36.340,-0.600,0.00,0.00,0.00,235.65
1979.979,55.3667968,10.4311954,36.400,-0.540,-0.01,0.00,0.00,234.98
1980.379,55.3667937,10.4311901,36.370,-0.570,-0.05,0.00,0.00,239.71
1980.579,55.3667906,10.4311854,36.390,-0.550,-0.19,0.00,0.00,236.18
1980.981,55.3667877,10.4311807,36.380,-0.560,0.07,0.00,0.00,233.84
1981.382,55.3667851,10.4311757,36.380,-0.560,-0.27,0.00,0.00,235.47
1981.584,55.3667829,10.4311697,36.340,-0.600,0.07,0.00,0.00,241.13
1981.984,55.3667810,10.4311643,36.340,-0.600,-0.03,0.00,0.00,242.92
1982.185,55.3667795,10.4311586,36.540,-0.400,0.08,0.00,0.00,242.94
1982.587,55.3667780,10.4311529,36.750,-0.190,-0.07,0.00,0.00,249.25
1982.987,55.3667767,10.4311474,36.840,-0.100,-0.12,0.00,0.00,251.84
1983.188,55.3667759,10.4311419,36.920,-0.020,0.17,0.00,0.00,254.84
1983.589,55.3667754,10.4311362,37.030,0.090,-0.10,0.00,0.00,261.05
1983.769,55.3667745,10.4311305,37.010,0.070,-0.04,0.00,0.00,264.08
1984.189,55.3667737,10.4311248,37.020,0.080,-0.21,0.00,0.00,264.07
1984.592,55.3667731,10.4311191,37.030,0.090,0.18,0.00,0.00,261.75
1984.792,55.3667726,10.4311134,37.030,0.090,-0.20,0.00,0.00,267.24
1985.192,55.3667719,10.4311074,36.990,0.050,0.13,0.00,0.00,265.62
1985.393,55.3667713,10.4311015,36.970,0.030,0.08,0.00,0.00,265.71
1985.796,55.3667708,10.4310957,36.940,0.000,0.02,0.00,0.00,263.79
1986.196,55.3667703,10.4310898,36.890,-0.050,0.00,0.00,0.00,265.51
1986.377,55.3667695,10.4310840,36.800,-0.140,-0.11,0.00,0.00,259.92
1986.798,55.3667691,10.4310786,36.690,-0.250,0.16,0.00,0.00,254.71
1986.979,55.3667686,10.4310729,36.670,-0.270,-0.14,0.00,0.00,255.42
1987.381,55.3667679,10.4310662,36.510,-0.430,0.00,0.00,0.00,256.79
1987.783,55.3667675,10.4310597,36.440,-0.500,-0.11,0.00,0.00,259.03
1987.983,55.3667675,10.4310530,36.510,-0.430,0.23,0.00,0.00,255.75
1988.384,55.3667673,10.4310464,36.510,-0.430,-0.27,0.00,0.00,261.81
1988.586,55.3667669,10.4310398,36.500,-0.440,0.04,0.00,0.00,262.27
1988.987,55.3667663,10.4310333,36.520,-0.420,0.03,0.00,0.00,260.36
1989.387,55.3667663,10.4310266,36.570,-0.370,0.01,0.00,0.00,255.85
1989.588,55.3667663,10.4310197,36.560,-0.380,-0.02,0.00,0.00,259.32
1989.989,55.3667662,10.4310131,36.590,-0.350,-0.07,0.00,0.00,258.43
1990.189,55.3667664,10.4310062,36.610,-0.330,0.28,0.00,0.00,259.34
1990.591,55.3667666,10.4309996,36.670,-0.270,-0.10,0.00,0.00,266.13
1990.992,55.3667660,10.4309923,36.660,-0.280,0.07,0.00,0.00,267.19
1991.193,55.3667653,10.4309863,36.650,-0.290,-0.12,0.00,0.00,268.60
1991.614,55.3667646,10.4309798,36.670,-0.270,0.23,0.00,0.00,261.39
1991.795,55.3667641,10.4309732,36.650,-0.290,-0.15,0.00,0.00,262.14
1992.197,55.3667635,10.4309662,36.630,-0.310,0.04,0.00,0.00,261.21
1992.598,55.3667634,10.4309592,36.600,-0.340,0.11,0.00,0.00,264.90
1992.799,55.3667639,10.4309522,36.660,-0.280,0.08,0.00,0.00,262.44
1993.200,55.3667642,10.4309456,36.640,-0.300,-0.02,0.00,0.00,263.39
1993.401,55.3667643,10.4309389,36.660,-0.280,0.02,0.00,0.00,263.30
1993.802,55.3667652,10.4309323,36.660,-0.280,0.11,0.00,0.00,261.16
1994.202,55.3667661,10.4309256,36.720,-0.220,-0.06,0.00,0.00,262.42
1994.403,55.3667668,10.4309187,36.740,-0.200,0.12,0.00,0.00,261.51
1994.804,55.3667678,10.4309119,36.760,-0.180,-0.15,0.00,0.00,262.79
1995.184,55.3667690,10.4309050,36.800,-0.140,0.25,0.00,0.00,258.88
1995.385,55.3667698,10.4308982,36.830,-0.110,-0.10,0.00,0.00,258.39
1995.787,55.3667705,10.4308912,36.840,-0.100,0.09,0.00,0.00,255.42
1995.987,55.3667714,10.4308842,36.830,-0.110,0.11,0.00,0.00,256.22
1996.388,55.3667720,10.4308776,36.860,-0.080,0.06,0.00,0.00,254.00
1996.789,55.3667721,10.4308708,36.810,-0.130,-0.03,0.00,0.00,254.12
1996.989,55.3667720,10.4308639,36.820,-0.120,-0.03,0.00,0.00,254.66
1997.389,55.3667721,10.4308569,36.830,-0.110,0.22,0.00,0.00,253.84
1997.609,55.3667719,10.4308503,36.850,-0.090,-0.05,0.00,0.00,254.79
1997.992,55.3667717,10.4308433,36.850,-0.090,0.13,0.00,0.00,255.54
1998.392,55.3667715,10.4308369,36.840,-0.100,-0.07,0.00,0.00,259.72
1998.596,55.3667714,10.4308303,36.860,-0.080,0.22,0.00,0.00,255.08
1998.997,55.3667708,10.4308234,36.830,-0.110,-0.09,0.00,0.00,255.09
1999.178,55.3667696,10.4308165,36.820,-0.120,0.07,0.00,0.00,254.02
1999.601,55.3667693,10.4308096,36.790,-0.150,0.07,0.00,0.00,257.97
1999.983,55.3667693,10.4308029,36.800,-0.140,0.06,0.00,0.00,256.30
2000.183,55.3667692,10.4307966,36.720,-0.220,-0.08,0.00,0.00,255.88
2000.586,55.3667689,10.4307904,36.700,-0.240,0.01,0.00,0.00,254.54
2000.787,55.3667690,10.4307841,36.670,-0.270,0.22,0.00,0.00,251.76
2001.189,55.3667693,10.4307777,36.680,-0.260,-0.05,0.00,0.00,253.59
2001.592,55.3667694,10.4307710,36.610,-0.330,-0.03,0.00,0.00,254.31
2001.793,55.3667692,10.4307644,36.570,-0.370,-0.15,0.00,0.00,259.72
2002.194,55.3667696,10.4307578,36.540,-0.400,0.12,0.00,0.00,257.54
2002.395,55.3667699,10.4307513,36.500,-0.440,-0.13,0.00,0.00,256.43
2002.777,55.3667700,10.4307448,36.440,-0.500,-0.01,0.00,0.00,256.34
2003.198,55.3667705,10.4307384,36.380,-0.560,-0.17,0.00,0.00,254.17
2003.379,55.3667712,10.4307319,36.340,-0.600,0.16,0.00,0.00,250.01
2003.782,55.3667717,10.4307250,36.310,-0.630,-0.28,0.00,0.00,254.36
2004.182,55.3667719,10.4307176,36.270,-0.670,0.03,0.00,0.00,260.55
2004.382,55.3667726,10.4307105,36.280,-0.660,-0.06,0.00,0.00,265.38
2004.784,55.3667740,10.4307039,36.340,-0.600,0.13,0.00,0.00,270.58
2004.984,55.3667761,10.4306969,36.320,-0.620,-0.18,0.00,0.00,279.89
2005.384,55.3667786,10.4306910,36.280,-0.660,-0.06,0.00,0.00,286.78
2005.786,55.3667813,10.4306870,36.210,-0.730,0.00,0.00,0.00,292.71
2005.987,55.3667836,10.4306833,36.210,-0.730,-0.07,0.00,0.00,293.21
2006.388,55.3667857,10.4306791,36.120,-0.820,-0.27,0.00,0.00,299.22
2006.589,55.3667875,10.4306756,36.080,-0.860,-0.19,0.00,0.00,298.92
2006.990,55.3667892,10.4306723,36.040,-0.900,0.03,0.00,0.00,294.97
2007.390,55.3667913,10.4306694,36.070,-0.870,-0.10,0.00,0.00,292.46
2007.591,55.3667932,10.4306651,36.030,-0.910,-0.19,0.00,0.00,299.68
2007.991,55.3667955,10.4306611,36.010,-0.930,-0.11,0.00,0.00,302.16
2008.191,55.3667978,10.4306574,36.010,-0.930,0.01,0.00,0.00,301.31
2008.591,55.3668002,10.4306543,36.040,-0.900,-0.23,0.00,0.00,303.13
2008.992,55.3668027,10.4306502,35.980,-0.960,-0.11,0.00,0.00,308.03
2009.192,55.3668054,10.4306463,35.970,-0.970,-0.19,0.00,0.00,314.19
2009.614,55.3668082,10.4306432,35.950,-0.990,0.00,0.00,0.00,310.86
2009.794,55.3668110,10.4306403,35.950,-0.990,-0.24,0.00,0.00,310.05
2010.194,55.3668143,10.4306364,35.900,-1.040,0.00,0.00,0.00,312.49
2010.595,55.3668179,10.4306328,35.900,-1.040,-0.13,0.00,0.00,314.32
2010.795,55.3668211,10.4306297,35.880,-1.060,0.05,0.00,0.00,310.50
2011.176,55.3668246,10.4306269,35.830,-1.110,-0.33,0.00,0.00,313.47
2011.376,55.3668287,10.4306231,35.720,-1.220,-0.02,0.00,0.00,321.48
2011.797,55.3668329,10.4306202,35.660,-1.280,-0.19,0.00,0.00,326.42
2012.178,55.3668368,10.4306177,35.620,-1.320,0.00,0.00,0.00,325.44
2012.378,55.3668402,10.4306148,35.560,-1.380,-0.33,0.00,0.00,326.67
2012.779,55.3668437,10.4306113,35.510,-1.430,-0.05,0.00,0.00,325.85
2012.979,55.3668475,10.4306078,35.490,-1.450,-0.11,0.00,0.00,328.34
2013.399,55.3668517,10.4306049,35.510,-1.430,0.01,0.00,0.00,327.48
2013.781,55.3668559,10.4306016,35.470,-1.470,-0.25,0.00,0.00,330.16
2014.001,55.3668603,10.4305983,35.460,-1.480,-0.11,0.00,0.00,330.38
2014.382,55.3668648,10.4305956,35.440,-1.500,-0.14,0.00,0.00,328.50
2014.583,55.3668691,10.4305932,35.430,-1.510,-0.30,0.00,0.00,327.92
2014.984,55.3668736,10.4305899,35.340,-1.600,-0.17,0.00,0.00,330.17
2015.384,55.3668785,10.4305873,35.330,-1.610,-0.16,0.00,0.00,334.82
2015.605,55.3668830,10.4305854,35.310,-1.630,-0.04,0.00,0.00,332.25
2016.007,55.3668871,10.4305826,35.290,-1.650,-0.28,0.00,0.00,327.94
2016.187,55.3668915,10.4305794,35.260,-1.680,0.00,0.00,0.00,324.99
2016.589,55.3668961,10.4305769,35.270,-1.670,-0.15,0.00,0.00,326.73
2016.989,55.3669005,10.4305752,35.310,-1.630,-0.02,0.00,0.00,324.35
2017.189,55.3669050,10.4305730,35.310,-1.630,-0.28,0.00,0.00,327.98
2017.590,55.3669094,10.4305702,35.330,-1.610,-0.02,0.00,0.00,331.47
2017.790,55.3669133,10.4305681,35.320,-1.620,-0.05,0.00,0.00,332.57
2018.190,55.3669171,10.4305663,35.370,-1.570,-0.10,0.00,0.00,333.16
2018.592,55.3669207,10.4305641,35.360,-1.580,-0.09,0.00,0.00,335.28
2018.792,55.3669238,10.4305624,35.380,-1.560,-0.23,0.00,0.00,337.54
2019.192,55.3669267,10.4305616,35.400,-1.540,0.02,0.00,0.00,332.64
2019.392,55.3669299,10.4305604,35.410,-1.530,-0.23,0.00,0.00,335.96
2019.793,55.3669328,10.4305583,35.420,-1.520,0.11,0.00,0.00,330.71
2020.194,55.3669353,10.4305565,35.420,-1.520,-0.10,0.00,0.00,329.40
2020.395,55.3669377,10.4305556,35.460,-1.480,0.10,0.00,0.00,326.28
2020.815,55.3669407,10.4305539,35.430,-1.510,-0.20,0.00,0.00,329.34
2020.996,55.3669439,10.4305524,35.440,-1.500,0.00,0.00,0.00,331.71
2021.376,55.3669474,10.4305512,35.440,-1.500,0.07,0.00,0.00,331.95
2021.797,55.3669509,10.4305498,35.500,-1.440,-0.06,0.00,0.00,334.96
2021.998,55.3669543,10.4305473,35.480,-1.460,-0.15,0.00,0.00,339.95
2022.399,55.3669575,10.4305454,35.470,-1.470,-0.17,0.00,0.00,343.07
2022.601,55.3669610,10.4305434,35.480,-1.460,0.18,0.00,0.00,340.12
2023.002,55.3669642,10.4305413,35.480,-1.460,-0.25,0.00,0.00,341.69
2023.402,55.3669672,10.4305391,35.450,-1.490,0.00,0.00,0.00,339.88
2023.604,55.3669702,10.4305378,35.470,-1.470,-0.11,0.00,0.00,344.41
2024.004,55.3669734,10.4305364,35.540,-1.400,0.12,0.00,0.00,341.12
2024.204,55.3669762,10.4305342,35.540,-1.400,-0.17,0.00,0.00,341.12
2024.587,55.3669791,10.4305317,35.550,-1.390,-0.03,0.00,0.00,339.09
2024.987,55.3669824,10.4305299,35.550,-1.390,0.00,0.00,0.00,337.90
2025.207,55.3669857,10.4305286,35.590,-1.350,-0.05,0.00,0.00,337.13
2025.608,55.3669893,10.4305264,35.580,-1.360,-0.05,0.00,0.00,344.13
2025.789,55.3669931,10.4305240,35.630,-1.310,-0.16,0.00,0.00,350.27
2026.190,55.3669972,10.4305219,35.670,-1.270,0.12,0.00,0.00,346.50
2026.591,55.3670014,10.4305197,35.750,-1.190,-0.16,0.00,0.00,346.17
2026.791,55.3670057,10.4305177,35.750,-1.190,0.07,0.00,0.00,346.38
2027.211,55.3670096,10.4305164,35.790,-1.150,-0.19,0.00,0.00,349.62
2027.392,55.3670138,10.4305147,35.850,-1.090,0.17,0.00,0.00,341.83
2027.813,55.3670181,10.4305127,35.890,-1.050,-0.19,0.00,0.00,342.18
2028.195,55.3670224,10.4305105,35.900,-1.040,0.08,0.00,0.00,341.42
2028.395,55.3670269,10.4305085,35.920,-1.020,0.05,0.00,0.00,341.95
2028.796,55.3670315,10.4305067,36.010,-0.930,0.15,0.00,0.00,342.08
2029.196,55.3670361,10.4305046,36.040,-0.900,-0.03,0.00,0.00,345.82
2029.397,55.3670409,10.4305028,36.100,-0.840,-0.06,0.00,0.00,347.80
2029.798,55.3670457,10.4305015,36.130,-0.810,0.16,0.00,0.00,345.44
2029.998,55.3670499,10.4305003,36.190,-0.750,-0.07,0.00,0.00,347.48
2030.398,55.3670543,10.4304979,36.190,-0.750,0.13,0.00,0.00,348.06
2030.799,55.3670585,10.4304961,36.210,-0.730,-0.04,0.00,0.00,348.09
2031.000,55.3670631,10.4304946,36.260,-0.680,0.18,0.00,0.00,344.48
2031.381,55.3670676,10.4304924,36.280,-0.660,-0.09,0.00,0.00,344.40
2031.603,55.3670722,10.4304899,36.280,-0.660,0.07,0.00,0.00,346.35
2031.984,55.3670768,10.4304885,36.260,-0.680,0.05,0.00,0.00,347.01
2032.385,55.3670810,10.4304880,36.280,-0.660,0.04,0.00,0.00,347.35
2032.585,55.3670853,10.4304864,36.270,-0.670,0.00,0.00,0.00,353.18
2032.988,55.3670891,10.4304852,36.270,-0.670,-0.01,0.00,0.00,353.50
2033.188,55.3670933,10.4304846,36.250,-0.690,0.14,0.00,0.00,348.40
2033.589,55.3670974,10.4304839,36.260,-0.680,-0.11,0.00,0.00,346.88
2033.991,55.3671018,10.4304826,36.210,-0.730,0.04,0.00,0.00,348.83
2034.192,55.3671059,10.4304823,36.190,-0.750,-0.09,0.00,0.00,350.55
2034.593,55.3671097,10.4304825,36.200,-0.740,0.23,0.00,0.00,347.08
2034.795,55.3671135,10.4304825,36.190,-0.750,-0.16,0.00,0.00,347.96
2035.195,55.3671178,10.4304825,36.180,-0.760,0.13,0.00,0.00,347.33
2035.596,55.3671219,10.4304819,36.170,-0.770,0.05,0.00,0.00,348.63
2035.797,55.3671256,10.4304811,36.230,-0.710,0.17,0.00,0.00,343.90
2036.199,55.3671292,10.4304796,36.230,-0.710,-0.02,0.00,0.00,346.04
2036.400,55.3671325,10.4304784,36.260,-0.680,0.00,0.00,0.00,343.21
2036.801,55.3671359,10.4304772,36.240,-0.700,0.12,0.00,0.00,340.13
2037.182,55.3671389,10.4304762,36.270,-0.670,-0.04,0.00,0.00,339.28
2037.383,55.3671420,10.4304742,36.210,-0.730,0.04,0.00,0.00,341.32
2037.786,55.3671445,10.4304717,36.170,-0.770,-0.12,0.00,0.00,340.52
2038.188,55.3671472,10.4304692,36.130,-0.810,0.19,0.00,0.00,335.20
2038.389,55.3671495,10.4304666,36.080,-0.860,-0.21,0.00,0.00,336.50
2038.791,55.3671519,10.4304636,36.010,-0.930,0.07,0.00,0.00,338.50
2038.992,55.3671530,10.4304602,35.920,-1.020,-0.02,0.00,0.00,338.51
2039.373,55.3671556,10.4304577,35.890,-1.050,-0.05,0.00,0.00,337.89
2039.774,55.3671586,10.4304552,35.790,-1.150,-0.13,0.00,0.00,340.49
2039.974,55.3671608,10.4304521,35.720,-1.220,-0.21,0.00,0.00,340.99
2040.394,55.3671617,10.4304494,35.610,-1.330,-0.02,0.00,0.00,340.28
2040.594,55.3671628,10.4304471,35.520,-1.420,-0.36,0.00,0.00,342.07
2040.995,55.3671658,10.4304443,35.420,-1.520,-0.16,0.00,0.00,342.09
2041.395,55.3671687,10.4304419,35.330,-1.610,-0.30,0.00,0.00,345.14
2041.596,55.3671701,10.4304403,35.250,-1.690,-0.02,0.00,0.00,339.86
2041.979,55.3671710,10.4304395,35.090,-1.850,-0.45,0.00,0.00,340.58
2042.199,55.3671725,10.4304384,34.940,-2.000,-0.25,0.00,0.00,342.71
2042.580,55.3671753,10.4304378,34.880,-2.060,-0.17,0.00,0.00,344.34
2042.981,55.3671782,10.4304372,34.920,-2.020,-0.25,0.00,0.00,342.31
2043.181,55.3671813,10.4304363,34.880,-2.060,-0.31,0.00,0.00,344.20
2043.601,55.3671844,10.4304354,34.910,-2.030,-0.26,0.00,0.00,343.65
2043.782,55.3671867,10.4304343,34.890,-2.050,-0.09,0.00,0.00,343.21
2044.182,55.3671901,10.4304341,34.900,-2.040,-0.40,0.00,0.00,346.83
2044.583,55.3671938,10.4304338,34.850,-2.090,-0.27,0.00,0.00,347.42
2044.803,55.3671973,10.4304336,34.810,-2.130,-0.38,0.00,0.00,348.41
2045.206,55.3672017,10.4304344,34.830,-2.110,-0.14,0.00,0.00,342.74
2045.405,55.3672066,10.4304353,34.840,-2.100,-0.48,0.00,0.00,344.77
2045.788,55.3672126,10.4304355,34.870,-2.070,-0.09,0.00,0.00,343.76
2046.209,55.3672184,10.4304352,34.930,-2.010,-0.20,0.00,0.00,341.85
2046.391,55.3672241,10.4304352,35.050,-1.890,-0.09,0.00,0.00,336.43
2046.791,55.3672300,10.4304336,35.110,-1.830,-0.20,0.00,0.00,340.69
2046.992,55.3672358,10.4304321,35.190,-1.750,-0.14,0.00,0.00,341.55
2047.392,55.3672417,10.4304305,35.120,-1.820,0.02,0.00,0.00,339.08
2047.793,55.3672474,10.4304289,35.020,-1.920,-0.21,0.00,0.00,340.24
2047.994,55.3672537,10.4304266,34.920,-2.020,-0.04,0.00,0.00,343.50
2048.394,55.3672597,10.4304256,34.810,-2.130,-0.20,0.00,0.00,344.00
2048.594,55.3672652,10.4304255,34.780,-2.160,0.04,0.00,0.00,340.04
2048.994,55.3672699,10.4304263,34.690,-2.250,-0.23,0.00,0.00,341.98
2049.395,55.3672745,10.4304258,34.690,-2.250,0.00,0.00,0.00,342.36
2049.595,55.3672784,10.4304252,34.730,-2.210,0.02,0.00,0.00,342.21
2049.996,55.3672826,10.4304263,34.810,-2.130,0.03,0.00,0.00,340.03
2050.196,55.3672871,10.4304271,34.840,-2.100,-0.05,0.00,0.00,344.53
2050.597,55.3672916,10.4304267,34.900,-2.040,0.00,0.00,0.00,344.96
2050.998,55.3672962,10.4304267,34.930,-2.010,0.30,0.00,0.00,343.07
2051.198,55.3673008,10.4304274,35.030,-1.910,-0.10,0.00,0.00,344.59
2051.599,55.3673057,10.4304268,35.010,-1.930,0.14,0.00,0.00,345.39
2051.799,55.3673101,10.4304275,35.050,-1.890,-0.03,0.00,0.00,345.97
2052.200,55.3673132,10.4304292,35.080,-1.860,0.28,0.00,0.00,342.57
2052.601,55.3673163,10.4304309,35.100,-1.840,-0.04,0.00,0.00,347.02
2052.782,55.3673197,10.4304319,35.110,-1.830,0.15,0.00,0.00,348.82
2053.202,55.3673221,10.4304334,35.080,-1.860,0.21,0.00,0.00,348.18
2053.402,55.3673242,10.4304350,35.100,-1.840,0.08,0.00,0.00,345.91
2053.804,55.3673268,10.4304357,35.020,-1.920,-0.04,0.00,0.00,348.11
2054.204,55.3673283,10.4304376,34.970,-1.970,0.00,0.00,0.00,350.61
2054.405,55.3673283,10.4304395,34.890,-2.050,0.13,0.00,0.00,351.06
2054.806,55.3673281,10.4304407,34.820,-2.120,-0.17,0.00,0.00,351.80
2054.986,55.3673294,10.4304410,34.690,-2.250,0.00,0.00,0.00,350.57
2055.386,55.3673302,10.4304418,34.550,-2.390,-0.11,0.00,0.00,352.11
2055.807,55.3673310,10.4304421,34.460,-2.480,0.02,0.00,0.00,348.07
2056.008,55.3673326,10.4304418,34.330,-2.610,-0.32,0.00,0.00,349.17
2056.409,55.3673344,10.4304409,34.200,-2.740,-0.06,0.00,0.00,346.86
2056.589,55.3673363,10.4304407,34.080,-2.860,-0.03,0.00,0.00,347.96
2057.012,55.3673375,10.4304411,33.970,-2.970,-0.25,0.00,0.00,347.65
2057.412,55.3673387,10.4304402,33.790,-3.150,-0.34,0.00,0.00,351.69
2057.613,55.3673404,10.4304401,33.690,-3.250,-0.28,0.00,0.00,350.67
2057.994,55.3673424,10.4304407,33.640,-3.300,-0.07,0.00,0.00,346.14
2058.213,55.3673445,10.4304407,33.630,-3.310,-0.44,0.00,0.00,346.32
2058.615,55.3673472,10.4304390,33.560,-3.380,-0.27,0.00,0.00,345.36
2059.016,55.3673497,10.4304376,33.490,-3.450,-0.38,0.00,0.00,347.81
2059.196,55.3673535,10.4304365,33.490,-3.450,-0.13,0.00,0.00,344.62
2059.617,55.3673584,10.4304346,33.500,-3.440,-0.39,0.00,0.00,349.49
2059.980,55.3673642,10.4304327,33.530,-3.410,-0.14,0.00,0.00,353.48
2060.200,55.3673698,10.4304314,33.600,-3.340,-0.05,0.00,0.00,355.98
2060.601,55.3673751,10.4304296,33.720,-3.220,-0.19,0.00,0.00,357.68
2060.802,55.3673808,10.4304279,33.750,-3.190,-0.13,0.00,0.00,1.48
2061.183,55.3673871,10.4304270,33.860,-3.080,-0.22,0.00,0.00,2.55
2061.603,55.3673931,10.4304257,33.960,-2.980,0.00,0.00,0.00,356.79
2061.786,55.3673980,10.4304232,34.120,-2.820,-0.21,0.00,0.00,355.71
2062.206,55.3674017,10.4304200,34.270,-2.670,0.06,0.00,0.00,354.73
2062.387,55.3674053,10.4304166,34.420,-2.520,-0.01,0.00,0.00,354.99
2062.807,55.3674097,10.4304144,34.560,-2.380,0.20,0.00,0.00,352.05
2063.208,55.3674147,10.4304124,34.600,-2.340,-0.02,0.00,0.00,355.30
2063.408,55.3674195,10.4304088,34.630,-2.310,0.05,0.00,0.00,0.13
2063.810,55.3674242,10.4304053,34.620,-2.320,0.23,0.00,0.00,1.34
2064.011,55.3674288,10.4304029,34.670,-2.270,0.03,0.00,0.00,1.28
2064.392,55.3674330,10.4304004,34.630,-2.310,-0.05,0.00,0.00,359.43
2064.794,55.3674369,10.4303986,34.620,-2.320,-0.08,0.00,0.00,358.84
2064.994,55.3674396,10.4303972,34.700,-2.240,0.20,0.00,0.00,354.33
2065.415,55.3674419,10.4303957,34.810,-2.130,-0.09,0.00,0.00,352.76
2065.615,55.3674454,10.4303939,34.800,-2.140,0.19,0.00,0.00,354.78
2066.016,55.3674495,10.4303920,34.780,-2.160,-0.04,0.00,0.00,355.39
2066.417,55.3674533,10.4303915,34.740,-2.200,0.16,0.00,0.00,353.11
2066.598,55.3674572,10.4303938,34.620,-2.320,-0.14,0.00,0.00,354.73
2067.001,55.3674613,10.4303950,34.500,-2.440,-0.04,0.00,0.00,354.42
2067.221,55.3674656,10.4303957,34.380,-2.560,0.09,0.00,0.00,355.83
2067.623,55.3674703,10.4303986,34.360,-2.580,-0.11,0.00,0.00,355.80
2068.005,55.3674749,10.4303997,34.220,-2.720,-0.08,0.00,0.00,356.00
2068.206,55.3674791,10.4304024,34.170,-2.770,-0.28,0.00,0.00,355.43
2068.606,55.3674830,10.4304047,34.100,-2.840,0.04,0.00,0.00,350.43
2068.807,55.3674867,10.4304072,34.080,-2.860,-0.38,0.00,0.00,351.16
2069.208,55.3674908,10.4304088,34.020,-2.920,0.00,0.00,0.00,351.40
2069.609,55.3674935,10.4304123,34.070,-2.870,-0.23,0.00,0.00,350.97
2069.810,55.3674962,10.4304156,34.150,-2.790,0.18,0.00,0.00,344.68
2070.211,55.3674997,10.4304189,34.150,-2.790,-0.35,0.00,0.00,344.18
2070.592,55.3675042,10.4304198,34.180,-2.760,0.05,0.00,0.00,343.85
2070.793,55.3675087,10.4304208,34.220,-2.720,0.06,0.00,0.00,343.50
2071.194,55.3675129,10.4304222,34.300,-2.640,0.01,0.00,0.00,340.78
2071.415,55.3675173,10.4304233,34.280,-2.660,-0.08,0.00,0.00,340.84
2071.816,55.3675215,10.4304246,34.350,-2.590,-0.02,0.00,0.00,343.38
2072.197,55.3675259,10.4304264,34.400,-2.540,0.20,0.00,0.00,341.38
2072.398,55.3675302,10.4304278,34.500,-2.440,-0.15,0.00,0.00,339.87
2072.799,55.3675341,10.4304286,34.510,-2.430,0.08,0.00,0.00,340.09
2073.001,55.3675393,10.4304286,34.610,-2.330,-0.01,0.00,0.00,342.21
2073.402,55.3675442,10.4304270,34.750,-2.190,0.34,0.00,0.00,339.73
2073.804,55.3675488,10.4304246,34.840,-2.100,-0.09,0.00,0.00,339.73
2074.005,55.3675530,10.4304228,34.910,-2.030,0.28,0.00,0.00,340.50
2074.406,55.3675574,10.4304225,34.970,-1.970,0.21,0.00,0.00,344.02
2074.607,55.3675615,10.4304229,35.110,-1.830,0.21,0.00,0.00,343.97
2075.009,55.3675661,10.4304214,35.180,-1.760,0.12,0.00,0.00,345.26
2075.391,55.3675706,10.4304185,35.320,-1.620,0.17,0.00,0.00,345.18
2075.612,55.3675752,10.4304166,35.450,-1.490,0.40,0.00,0.00,343.39
2075.994,55.3675798,10.4304183,35.600,-1.340,0.09,0.00,0.00,344.66
2076.195,55.3675854,10.4304202,35.640,-1.300,0.20,0.00,0.00,351.81
2076.615,55.3675917,10.4304243,35.690,-1.250,0.13,0.00,0.00,356.49
2077.016,55.3675986,10.4304284,35.740,-1.200,0.36,0.00,0.00,359.62
2077.216,55.3676061,10.4304344,35.800,-1.140,0.03,0.00,0.00,5.01
2077.618,55.3676141,10.4304407,35.780,-1.160,0.24,0.00,0.00,5.74
2077.800,55.3676223,10.4304481,35.740,-1.200,0.14,0.00,0.00,8.45
2078.201,55.3676309,10.4304572,35.780,-1.160,0.35,0.00,0.00,6.67
2078.602,55.3676391,10.4304656,35.760,-1.180,0.00,0.00,0.00,6.98
2078.804,55.3676480,10.4304745,35.730,-1.210,0.18,0.00,0.00,8.52
2079.224,55.3676569,10.4304830,35.730,-1.210,0.31,0.00,0.00,10.98
2079.405,55.3676655,10.4304911,35.850,-1.090,0.28,0.00,0.00,12.14
2079.805,55.3676742,10.4304993,35.880,-1.060,0.19,0.00,0.00,15.03
2080.206,55.3676817,10.4305072,35.940,-1.000,0.15,0.00,0.00,17.87
2080.407,55.3676889,10.4305153,35.990,-0.950,0.42,0.00,0.00,19.36
2080.808,55.3676960,10.4305233,36.100,-0.840,0.14,0.00,0.00,22.06
2081.190,55.3677025,10.4305310,36.090,-0.850,0.23,0.00,0.00,24.46
2081.390,55.3677076,10.4305384,36.120,-0.820,0.06,0.00,0.00,30.56
2081.792,55.3677122,10.4305465,36.180,-0.760,0.49,0.00,0.00,31.71
2081.993,55.3677162,10.4305546,36.260,-0.680,0.07,0.00,0.00,33.04
2082.393,55.3677196,10.4305624,36.260,-0.680,0.21,0.00,0.00,38.27
2082.794,55.3677227,10.4305701,36.280,-0.660,0.01,0.00,0.00,43.59
2082.994,55.3677253,10.4305780,36.310,-0.630,0.32,0.00,0.00,43.16
2083.395,55.3677272,10.4305853,36.370,-0.570,-0.02,0.00,0.00,46.70
2083.615,55.3677290,10.4305927,36.310,-0.630,0.08,0.00,0.00,53.51
2083.997,55.3677303,10.4305999,36.310,-0.630,-0.01,0.00,0.00,56.68
2084.197,55.3677308,10.4306071,36.280,-0.660,0.11,0.00,0.00,56.51
2084.597,55.3677315,10.4306136,36.300,-0.640,-0.01,0.00,0.00,58.04
2084.999,55.3677331,10.4306202,36.220,-0.720,0.00,0.00,0.00,62.79
2085.199,55.3677339,10.4306274,36.200,-0.740,-0.04,0.00,0.00,65.33
2085.620,55.3677344,10.4306346,36.140,-0.800,0.10,0.00,0.00,62.02
2086.001,55.3677349,10.4306409,36.130,-0.810,-0.15,0.00,0.00,62.36
2086.202,55.3677361,10.4306478,36.050,-0.890,0.02,0.00,0.00,63.47
2086.603,55.3677368,10.4306543,36.010,-0.930,-0.05,0.00,0.00,65.05
2086.804,55.3677374,10.4306609,35.990,-0.950,0.05,0.00,0.00,62.40
2087.204,55.3677384,10.4306672,35.990,-0.950,-0.13,0.00,0.00,65.59
2087.605,55.3677398,10.4306738,35.930,-1.010,0.07,0.00,0.00,67.07
2087.787,55.3677405,10.4306803,35.930,-1.010,-0.10,0.00,0.00,69.03
2088.187,55.3677411,10.4306864,35.910,-1.030,0.07,0.00,0.00,63.30
2088.387,55.3677420,10.4306927,35.880,-1.060,-0.31,0.00,0.00,71.49
2088.788,55.3677430,10.4307002,35.800,-1.140,0.10,0.00,0.00,77.72
2089.188,55.3677439,10.4307073,35.770,-1.170,-0.06,0.00,0.00,82.74
2089.388,55.3677447,10.4307139,35.760,-1.180,0.10,0.00,0.00,81.75
2089.790,55.3677457,10.4307205,35.720,-1.220,-0.25,0.00,0.00,84.35
2089.990,55.3677464,10.4307276,35.690,-1.250,0.02,0.00,0.00,84.98
2090.391,55.3677469,10.4307347,35.660,-1.280,-0.04,0.00,0.00,85.89
2090.793,55.3677467,10.4307413,35.650,-1.290,0.01,0.00,0.00,80.09
2090.993,55.3677470,10.4307481,35.580,-1.360,-0.17,0.00,0.00,80.40
2091.394,55.3677475,10.4307548,35.570,-1.370,0.01,0.00,0.00,80.15
2091.593,55.3677478,10.4307618,35.530,-1.410,0.00,0.00,0.00,77.55
2091.995,55.3677479,10.4307689,35.530,-1.410,-0.11,0.00,0.00,76.83
2092.396,55.3677482,10.4307763,35.460,-1.480,-0.05,0.00,0.00,77.30
2092.595,55.3677489,10.4307834,35.420,-1.520,-0.12,0.00,0.00,77.91
2092.997,55.3677489,10.4307909,35.390,-1.550,0.04,0.00,0.00,73.81
2093.198,55.3677490,10.4307982,35.360,-1.580,-0.18,0.00,0.00,76.63
2093.599,55.3677494,10.4308061,35.290,-1.650,-0.03,0.00,0.00,76.77
2093.980,55.3677496,10.4308135,35.250,-1.690,-0.13,0.00,0.00,80.29
2094.200,55.3677497,10.4308210,35.250,-1.690,0.09,0.00,0.00,77.22
2094.601,55.3677502,10.4308284,35.200,-1.740,-0.25,0.00,0.00,78.19
2094.985,55.3677506,10.4308360,35.160,-1.780,-0.02,0.00,0.00,78.68
2095.186,55.3677506,10.4308430,35.120,-1.820,0.00,0.00,0.00,79.62
2095.587,55.3677500,10.4308503,35.140,-1.800,0.00,0.00,0.00,76.76
2095.788,55.3677501,10.4308583,35.080,-1.860,-0.05,0.00,0.00,77.69
2096.188,55.3677503,10.4308663,35.100,-1.840,-0.04,0.00,0.00,78.15
2096.388,55.3677504,10.4308737,35.070,-1.870,0.08,0.00,0.00,75.21
2096.811,55.3677502,10.4308808,35.070,-1.870,-0.24,0.00,0.00,75.17
2097.212,55.3677502,10.4308884,34.990,-1.950,-0.02,0.00,0.00,82.16
2097.393,55.3677506,10.4308958,34.960,-1.980,-0.23,0.00,0.00,83.21
2097.794,55.3677510,10.4309030,34.960,-1.980,0.07,0.00,0.00,78.19
2098.194,55.3677513,10.4309106,34.940,-2.000,-0.24,0.00,0.00,76.36
2098.395,55.3677518,10.4309182,34.940,-2.000,0.02,0.00,0.00,76.38
2098.796,55.3677517,10.4309258,34.900,-2.040,-0.07,0.00,0.00,77.98
2098.996,55.3677516,10.4309325,34.920,-2.020,-0.01,0.00,0.00,76.06
2099.396,55.3677514,10.4309396,34.870,-2.070,-0.19,0.00,0.00,77.05
2099.798,55.3677518,10.4309467,34.860,-2.080,-0.02,0.00,0.00,75.59
2099.998,55.3677520,10.4309534,34.820,-2.120,0.07,0.00,0.00,73.08
2100.398,55.3677518,10.4309601,34.850,-2.090,-0.12,0.00,0.00,71.07
2100.599,55.3677522,10.4309674,34.780,-2.160,-0.05,0.00,0.00,75.37
2100.982,55.3677519,10.4309749,34.780,-2.160,-0.14,0.00,0.00,77.73
2101.383,55.3677515,10.4309819,34.780,-2.160,0.07,0.00,0.00,73.19
2101.603,55.3677506,10.4309886,34.780,-2.160,-0.21,0.00,0.00,75.19
2101.986,55.3677497,10.4309957,34.740,-2.200,0.03,0.00,0.00,80.01
2102.187,55.3677492,10.4310029,34.720,-2.220,-0.23,0.00,0.00,83.85
2102.588,55.3677483,10.4310099,34.730,-2.210,0.05,0.00,0.00,81.37
2102.992,55.3677474,10.4310169,34.700,-2.240,-0.32,0.00,0.00,82.31
2103.193,55.3677468,10.4310241,34.660,-2.280,0.04,0.00,0.00,79.85
2103.593,55.3677463,10.4310306,34.620,-2.320,-0.17,0.00,0.00,81.31
2103.794,55.3677456,10.4310372,34.640,-2.300,0.04,0.00,0.00,81.42
2104.196,55.3677454,10.4310444,34.620,-2.320,-0.24,0.00,0.00,84.23
2104.598,55.3677457,10.4310514,34.640,-2.300,0.00,0.00,0.00,83.34
2104.798,55.3677464,10.4310573,34.650,-2.290,-0.04,0.00,0.00,84.51
2105.200,55.3677469,10.4310635,34.730,-2.210,-0.02,0.00,0.00,84.20
2105.401,55.3677477,10.4310702,34.730,-2.210,-0.15,0.00,0.00,91.53
2105.802,55.3677490,10.4310769,34.780,-2.160,-0.06,0.00,0.00,95.78
2106.185,55.3677500,10.4310827,34.810,-2.130,0.00,0.00,0.00,98.01
2106.386,55.3677502,10.4310882,34.890,-2.050,0.04,0.00,0.00,102.96
2106.806,55.3677497,10.4310941,34.880,-2.060,-0.11,0.00,0.00,113.84
2107.007,55.3677491,10.4310994,34.890,-2.050,-0.04,0.00,0.00,125.08
2107.389,55.3677476,10.4311040,34.900,-2.040,0.06,0.00,0.00,129.81
2107.791,55.3677451,10.4311078,34.960,-1.980,0.06,0.00,0.00,134.81
2107.993,55.3677422,10.4311108,34.960,-1.980,-0.02,0.00,0.00,147.69
2108.394,55.3677395,10.4311132,34.960,-1.980,0.01,0.00,0.00,154.18
2108.794,55.3677367,10.4311144,34.920,-2.020,0.10,0.00,0.00,156.06
2108.996,55.3677341,10.4311141,34.940,-2.000,0.00,0.00,0.00,158.90
2109.397,55.3677313,10.4311141,34.870,-2.070,-0.04,0.00,0.00,162.03
2109.597,55.3677286,10.4311143,34.850,-2.090,-0.03,0.00,0.00,164.98
2109.998,55.3677264,10.4311142,34.830,-2.110,0.09,0.00,0.00,162.79
2110.399,55.3677236,10.4311144,34.850,-2.090,-0.04,0.00,0.00,163.25
2110.600,55.3677204,10.4311156,34.830,-2.110,-0.11,0.00,0.00,170.78
2110.983,55.3677174,10.4311168,34.830,-2.110,-0.18,0.00,0.00,173.28
2111.183,55.3677145,10.4311179,34.820,-2.120,0.08,0.00,0.00,169.81
2111.603,55.3677115,10.4311189,34.840,-2.100,-0.23,0.00,0.00,168.42
2111.985,55.3677081,10.4311202,34.810,-2.130,-0.01,0.00,0.00,164.79
2112.186,55.3677052,10.4311215,34.820,-2.120,-0.14,0.00,0.00,163.72
2112.586,55.3677023,10.4311218,34.860,-2.080,0.14,0.00,0.00,158.57
2112.787,55.3676995,10.4311224,34.860,-2.080,-0.32,0.00,0.00,158.17
2113.187,55.3676962,10.4311231,34.860,-2.080,0.09,0.00,0.00,157.99
2113.588,55.3676931,10.4311235,34.880,-2.060,0.00,0.00,0.00,158.04
2113.788,55.3676907,10.4311230,34.940,-2.000,0.15,0.00,0.00,150.44
2114.189,55.3676880,10.4311230,34.890,-2.050,-0.26,0.00,0.00,152.29
2114.389,55.3676852,10.4311233,34.870,-2.070,0.01,0.00,0.00,152.60
2114.789,55.3676825,10.4311236,34.830,-2.110,0.00,0.00,0.00,153.08
2115.191,55.3676795,10.4311238,34.840,-2.100,0.00,0.00,0.00,152.67
2115.391,55.3676765,10.4311253,34.770,-2.170,-0.14,0.00,0.00,154.80
2115.791,55.3676732,10.4311270,34.760,-2.180,-0.02,0.00,0.00,154.96
2115.991,55.3676700,10.4311283,34.760,-2.180,0.09,0.00,0.00,154.79
2116.393,55.3676671,10.4311284,34.760,-2.180,-0.16,0.00,0.00,152.86
2116.793,55.3676638,10.4311287,34.690,-2.250,-0.07,0.00,0.00,154.27
2116.994,55.3676601,10.4311289,34.630,-2.310,-0.27,0.00,0.00,156.02
2117.394,55.3676565,10.4311286,34.580,-2.360,0.03,0.00,0.00,157.09
2117.594,55.3676529,10.4311283,34.570,-2.370,-0.27,0.00,0.00,158.22
2117.995,55.3676489,10.4311289,34.510,-2.430,0.04,0.00,0.00,158.16
2118.396,55.3676456,10.4311292,34.520,-2.420,-0.16,0.00,0.00,158.93
2118.596,55.3676425,10.4311293,34.530,-2.410,0.00,0.00,0.00,153.74
2118.996,55.3676390,10.4311295,34.520,-2.420,-0.25,0.00,0.00,156.79
2119.197,55.3676353,10.4311303,34.510,-2.430,0.06,0.00,0.00,156.77
2119.618,55.3676322,10.4311312,34.540,-2.400,-0.07,0.00,0.00,160.50
2119.980,55.3676296,10.4311317,34.580,-2.360,0.09,0.00,0.00,156.80
2120.181,55.3676270,10.4311326,34.560,-2.380,-0.14,0.00,0.00,159.44
2120.601,55.3676242,10.4311342,34.560,-2.380,-0.06,0.00,0.00,159.72
2120.983,55.3676219,10.4311354,34.530,-2.410,0.00,0.00,0.00,159.45
2121.184,55.3676194,10.4311354,34.550,-2.390,-0.10,0.00,0.00,161.02
2121.584,55.3676164,10.4311359,34.490,-2.450,-0.14,0.00,0.00,164.03
2121.784,55.3676132,10.4311368,34.470,-2.470,-0.13,0.00,0.00,166.19
2122.186,55.3676103,10.4311376,34.470,-2.470,0.04,0.00,0.00,164.84
2122.587,55.3676072,10.4311385,34.480,-2.460,-0.24,0.00,0.00,162.13
2122.787,55.3676040,10.4311401,34.430,-2.510,0.00,0.00,0.00,159.38
2123.188,55.3676008,10.4311416,34.400,-2.540,-0.22,0.00,0.00,161.30
2123.409,55.3675974,10.4311416,34.380,-2.560,0.02,0.00,0.00,158.93
2123.810,55.3675940,10.4311420,34.370,-2.570,-0.27,0.00,0.00,161.90
2124.192,55.3675903,10.4311439,34.360,-2.580,0.05,0.00,0.00,160.82
2124.392,55.3675869,10.4311450,34.360,-2.580,-0.18,0.00,0.00,162.07
2124.792,55.3675839,10.4311455,34.380,-2.560,0.00,0.00,0.00,155.35
2124.993,55.3675809,10.4311468,34.340,-2.600,-0.29,0.00,0.00,155.77
2125.393,55.3675774,10.4311483,34.300,-2.640,-0.02,0.00,0.00,156.49
2125.794,55.3675740,10.4311491,34.240,-2.700,0.04,0.00,0.00,158.35
2125.994,55.3675710,10.4311499,34.210,-2.730,-0.29,0.00,0.00,157.84
2126.394,55.3675678,10.4311516,34.130,-2.810,-0.03,0.00,0.00,158.19
2126.595,55.3675647,10.4311528,34.110,-2.830,-0.31,0.00,0.00,162.06
2126.995,55.3675613,10.4311536,34.120,-2.820,0.02,0.00,0.00,161.03
2127.396,55.3675581,10.4311543,34.120,-2.820,-0.37,0.00,0.00,161.64
2127.596,55.3675548,10.4311555,34.100,-2.840,0.01,0.00,0.00,160.89
2127.997,55.3675517,10.4311564,34.090,-2.850,-0.20,0.00,0.00,162.05
2128.197,55.3675485,10.4311569,34.110,-2.830,-0.01,0.00,0.00,160.06
2128.597,55.3675453,10.4311583,34.040,-2.900,-0.26,0.00,0.00,160.10
2128.998,55.3675423,10.4311600,33.990,-2.950,-0.13,0.00,0.00,159.84
2129.198,55.3675395,10.4311597,33.870,-3.070,-0.10,0.00,0.00,160.09
2129.619,55.3675369,10.4311590,33.810,-3.130,-0.22,0.00,0.00,158.13
2129.799,55.3675341,10.4311586,33.680,-3.260,-0.25,0.00,0.00,157.90
2130.200,55.3675310,10.4311582,33.670,-3.270,-0.26,0.00,0.00,156.79
2130.582,55.3675274,10.4311585,33.690,-3.250,-0.06,0.00,0.00,155.41
2130.783,55.3675236,10.4311600,33.760,-3.180,-0.34,0.00,0.00,155.10
2131.203,55.3675198,10.4311621,33.770,-3.170,-0.13,0.00,0.00,158.83
2131.403,55.3675166,10.4311641,33.790,-3.150,-0.32,0.00,0.00,160.85
2131.785,55.3675135,10.4311661,33.800,-3.140,-0.17,0.00,0.00,158.19
2132.187,55.3675106,10.4311677,33.780,-3.160,-0.37,0.00,0.00,156.23
2132.387,55.3675074,10.4311687,33.670,-3.270,-0.15,0.00,0.00,150.47
2132.807,55.3675048,10.4311676,33.620,-3.320,-0.30,0.00,0.00,148.32
2133.007,55.3675020,10.4311667,33.570,-3.370,-0.07,0.00,0.00,140.63
2133.389,55.3675001,10.4311662,33.470,-3.470,-0.51,0.00,0.00,144.65
2133.790,55.3674982,10.4311659,33.320,-3.620,-0.32,0.00,0.00,145.17
2133.992,55.3674952,10.4311668,33.280,-3.660,-0.39,0.00,0.00,144.86
2134.393,55.3674917,10.4311677,33.290,-3.650,-0.23,0.00,0.00,142.14
2134.593,55.3674879,10.4311688,33.240,-3.700,-0.52,0.00,0.00,145.63
2134.993,55.3674832,10.4311705,33.190,-3.750,-0.20,0.00,0.00,147.62
2135.395,55.3674778,10.4311723,33.170,-3.770,-0.32,0.00,0.00,147.05
2135.596,55.3674722,10.4311735,33.170,-3.770,-0.32,0.00,0.00,146.24
2135.998,55.3674667,10.4311749,33.150,-3.790,-0.44,0.00,0.00,148.01
2136.199,55.3674613,10.4311774,33.180,-3.760,-0.40,0.00,0.00,145.15
2136.599,55.3674557,10.4311797,33.220,-3.720,-0.15,0.00,0.00,144.10
2137.001,55.3674507,10.4311815,33.300,-3.640,-0.47,0.00,0.00,147.25
2137.181,55.3674451,10.4311840,33.300,-3.640,-0.21,0.00,0.00,149.52
2137.584,55.3674394,10.4311862,33.370,-3.570,-0.34,0.00,0.00,151.41
2137.986,55.3674349,10.4311878,33.480,-3.460,-0.17,0.00,0.00,147.84
2138.187,55.3674304,10.4311895,33.480,-3.460,-0.44,0.00,0.00,152.20
2138.589,55.3674254,10.4311923,33.470,-3.470,-0.07,0.00,0.00,152.33
2138.790,55.3674215,10.4311946,33.550,-3.390,-0.11,0.00,0.00,152.91
2139.192,55.3674175,10.4311959,33.690,-3.250,-0.15,0.00,0.00,151.51
2139.594,55.3674139,10.4311977,33.700,-3.240,-0.33,0.00,0.00,153.22
2139.776,55.3674111,10.4311983,33.650,-3.290,-0.12,0.00,0.00,149.04
2140.178,55.3674085,10.4311989,33.660,-3.280,0.07,0.00,0.00,145.00
2140.398,55.3674060,10.4311994,33.700,-3.240,-0.30,0.00,0.00,146.75
2140.800,55.3674030,10.4312002,33.660,-3.280,-0.16,0.00,0.00,150.05
2141.201,55.3673996,10.4312013,33.620,-3.320,-0.23,0.00,0.00,153.59
2141.383,55.3673970,10.4312025,33.560,-3.380,-0.11,0.00,0.00,152.78
2141.803,55.3673942,10.4312046,33.440,-3.500,-0.34,0.00,0.00,157.69
2142.005,55.3673917,10.4312086,33.370,-3.570,-0.11,0.00,0.00,159.60
2142.386,55.3673888,10.4312124,33.420,-3.520,-0.21,0.00,0.00,163.52
2142.786,55.3673859,10.4312155,33.590,-3.350,-0.02,0.00,0.00,163.21
2142.988,55.3673828,10.4312192,33.720,-3.220,-0.15,0.00,0.00,164.85
2143.390,55.3673792,10.4312225,33.830,-3.110,-0.09,0.00,0.00,166.40
2143.610,55.3673756,10.4312249,33.850,-3.090,0.04,0.00,0.00,166.13
2143.992,55.3673726,10.4312273,33.880,-3.060,-0.09,0.00,0.00,161.33
2144.412,55.3673696,10.4312298,33.800,-3.140,-0.16,0.00,0.00,158.75
2144.593,55.3673674,10.4312325,33.750,-3.190,-0.18,0.00,0.00,156.42
2144.994,55.3673649,10.4312342,33.690,-3.250,-0.01,0.00,0.00,154.98
2145.195,55.3673620,10.4312360,33.670,-3.270,-0.31,0.00,0.00,158.88
2145.596,55.3673586,10.4312385,33.610,-3.330,-0.15,0.00,0.00,161.01
2145.997,55.3673554,10.4312402,33.580,-3.360,-0.33,0.00,0.00,155.59
2146.197,55.3673526,10.4312412,33.540,-3.400,0.00,0.00,0.00,150.95
2146.598,55.3673496,10.4312438,33.570,-3.370,-0.37,0.00,0.00,153.86
2146.778,55.3673451,10.4312466,33.590,-3.350,-0.14,0.00,0.00,152.44
2147.198,55.3673408,10.4312484,33.610,-3.330,-0.21,0.00,0.00,156.05
2147.599,55.3673361,10.4312512,33.690,-3.250,0.00,0.00,0.00,154.10
2147.800,55.3673306,10.4312542,33.780,-3.160,-0.30,0.00,0.00,154.83
2148.201,55.3673247,10.4312582,33.920,-3.020,-0.02,0.00,0.00,155.03
2148.401,55.3673196,10.4312612,34.100,-2.840,0.08,0.00,0.00,160.05
2148.802,55.3673141,10.4312650,34.320,-2.620,0.06,0.00,0.00,159.83
2149.203,55.3673089,10.4312694,34.410,-2.530,-0.08,0.00,0.00,158.58
2149.385,55.3673036,10.4312730,34.470,-2.470,-0.06,0.00,0.00,158.90
2149.805,55.3672983,10.4312744,34.510,-2.430,0.13,0.00,0.00,159.21
2150.006,55.3672941,10.4312737,34.550,-2.390,0.00,0.00,0.00,158.25
2150.406,55.3672900,10.4312753,34.700,-2.240,0.03,0.00,0.00,158.02
2150.787,55.3672855,10.4312780,34.950,-1.990,-0.04,0.00,0.00,159.02
2150.988,55.3672815,10.4312797,35.090,-1.850,0.33,0.00,0.00,154.94
2151.389,55.3672770,10.4312826,35.240,-1.700,-0.15,0.00,0.00,154.72
2151.790,55.3672721,10.4312855,35.250,-1.690,0.22,0.00,0.00,154.17
2151.991,55.3672683,10.4312874,35.340,-1.600,0.11,0.00,0.00,158.40
2152.391,55.3672642,10.4312887,35.430,-1.510,0.24,0.00,0.00,154.84
2152.591,55.3672604,10.4312898,35.380,-1.560,0.00,0.00,0.00,153.70
2153.013,55.3672566,10.4312913,35.360,-1.580,0.04,0.00,0.00,152.28
2153.394,55.3672532,10.4312924,35.350,-1.590,0.13,0.00,0.00,151.37
2153.594,55.3672498,10.4312942,35.500,-1.440,0.18,0.00,0.00,154.38
2153.996,55.3672463,10.4312951,35.420,-1.520,-0.05,0.00,0.00,157.86
2154.196,55.3672427,10.4312953,35.410,-1.530,0.08,0.00,0.00,162.63
2154.596,55.3672391,10.4312961,35.450,-1.490,0.20,0.00,0.00,157.39
2154.997,55.3672356,10.4312971,35.530,-1.410,0.02,0.00,0.00,152.74
2155.197,55.3672312,10.4312989,35.470,-1.470,-0.04,0.00,0.00,153.45
2155.598,55.3672270,10.4312999,35.450,-1.490,0.00,0.00,0.00,155.06
2155.798,55.3672234,10.4312995,35.420,-1.520,0.17,0.00,0.00,151.73
2156.199,55.3672201,10.4312988,35.430,-1.510,-0.10,0.00,0.00,150.83
2156.600,55.3672160,10.4312991,35.380,-1.560,0.03,0.00,0.00,151.01
2156.800,55.3672113,10.4312995,35.410,-1.530,-0.03,0.00,0.00,155.97
2157.182,55.3672068,10.4312996,35.440,-1.500,0.20,0.00,0.00,151.79
2157.402,55.3672026,10.4313011,35.400,-1.540,-0.24,0.00,0.00,150.03
2157.783,55.3671977,10.4313034,35.340,-1.600,0.10,0.00,0.00,148.61
2158.183,55.3671930,10.4313047,35.340,-1.600,-0.10,0.00,0.00,153.63
2158.404,55.3671886,10.4313053,35.390,-1.550,0.19,0.00,0.00,154.13
2158.805,55.3671838,10.4313063,35.410,-1.530,-0.24,0.00,0.00,153.41
2158.985,55.3671794,10.4313072,35.390,-1.550,0.06,0.00,0.00,153.46
2159.386,55.3671753,10.4313079,35.350,-1.590,0.06,0.00,0.00,150.58
2159.805,55.3671713,10.4313086,35.350,-1.590,0.07,0.00,0.00,146.18
2160.006,55.3671674,10.4313081,35.250,-1.690,-0.11,0.00,0.00,147.02
2160.388,55.3671634,10.4313085,35.260,-1.680,-0.01,0.00,0.00,146.99
2160.588,55.3671595,10.4313092,35.280,-1.660,0.21,0.00,0.00,147.26
2160.990,55.3671556,10.4313103,35.360,-1.580,-0.16,0.00,0.00,148.02
2161.391,55.3671518,10.4313127,35.350,-1.590,-0.02,0.00,0.00,149.86
2161.611,55.3671477,10.4313154,35.410,-1.530,-0.09,0.00,0.00,151.65
2161.993,55.3671433,10.4313176,35.480,-1.460,0.11,0.00,0.00,145.94
2162.213,55.3671399,10.4313185,35.500,-1.440,-0.11,0.00,0.00,145.53
2162.613,55.3671361,10.4313193,35.450,-1.490,0.13,0.00,0.00,145.45
2163.014,55.3671316,10.4313205,35.400,-1.540,-0.06,0.00,0.00,146.51
2163.194,55.3671272,10.4313212,35.370,-1.570,0.02,0.00,0.00,145.42
2163.596,55.3671225,10.4313219,35.320,-1.620,-0.18,0.00,0.00,149.15
2163.795,55.3671177,10.4313236,35.360,-1.580,0.04,0.00,0.00,148.01
2164.196,55.3671124,10.4313262,35.380,-1.560,0.03,0.00,0.00,147.33
2164.597,55.3671071,10.4313291,35.420,-1.520,-0.03,0.00,0.00,142.02
2164.797,55.3671019,10.4313313,35.370,-1.570,-0.05,0.00,0.00,144.70
2165.198,55.3670968,10.4313334,35.370,-1.570,-0.09,0.00,0.00,144.89
2165.399,55.3670915,10.4313353,35.350,-1.590,0.17,0.00,0.00,140.83
2165.799,55.3670864,10.4313362,35.370,-1.570,-0.11,0.00,0.00,140.56
2166.201,55.3670815,10.4313367,35.310,-1.630,-0.02,0.00,0.00,141.32
2166.402,55.3670759,10.4313381,35.290,-1.650,-0.12,0.00,0.00,139.80
2166.803,55.3670703,10.4313397,35.320,-1.620,0.11,0.00,0.00,138.45
2167.004,55.3670646,10.4313410,35.350,-1.590,-0.23,0.00,0.00,144.07
2167.404,55.3670583,10.4313425,35.360,-1.580,0.06,0.00,0.00,147.03
2167.804,55.3670524,10.4313429,35.370,-1.570,-0.10,0.00,0.00,149.83
2168.005,55.3670468,10.4313416,35.410,-1.530,0.15,0.00,0.00,150.01
2168.386,55.3670409,10.4313410,35.380,-1.560,-0.29,0.00,0.00,151.32
2168.788,55.3670349,10.4313412,35.340,-1.600,0.03,0.00,0.00,151.24
2168.989,55.3670285,10.4313416,35.340,-1.600,0.00,0.00,0.00,152.16
2169.389,55.3670225,10.4313423,35.390,-1.550,0.03,0.00,0.00,146.45
2169.609,55.3670165,10.4313436,35.360,-1.580,-0.12,0.00,0.00,148.42
2170.010,55.3670102,10.4313446,35.350,-1.590,-0.05,0.00,0.00,148.51
2170.392,55.3670036,10.4313453,35.350,-1.590,0.15,0.00,0.00,149.05
2170.593,55.3669966,10.4313464,35.400,-1.540,-0.11,0.00,0.00,149.64
2170.992,55.3669900,10.4313477,35.380,-1.560,0.07,0.00,0.00,152.59
2171.193,55.3669837,10.4313489,35.400,-1.540,-0.21,0.00,0.00,153.84
2171.614,55.3669776,10.4313496,35.400,-1.540,0.10,0.00,0.00,151.46
2171.995,55.3669718,10.4313498,35.420,-1.520,-0.21,0.00,0.00,152.64
2172.196,55.3669655,10.4313512,35.430,-1.510,0.07,0.00,0.00,148.82
2172.596,55.3669594,10.4313522,35.570,-1.370,-0.05,0.00,0.00,149.26
2172.797,55.3669535,10.4313518,35.660,-1.280,0.07,0.00,0.00,142.42
2173.199,55.3669480,10.4313516,35.710,-1.230,-0.16,0.00,0.00,144.52
2173.600,55.3669424,10.4313516,35.750,-1.190,0.14,0.00,0.00,144.62
2173.800,55.3669372,10.4313513,35.800,-1.140,0.04,0.00,0.00,147.14
2174.201,55.3669321,10.4313505,35.870,-1.070,0.12,0.00,0.00,145.39
2174.401,55.3669276,10.4313502,35.870,-1.070,0.05,0.00,0.00,146.66
2174.801,55.3669232,10.4313496,35.920,-1.020,0.02,0.00,0.00,147.33
2175.203,55.3669186,10.4313488,35.920,-1.020,0.35,0.00,0.00,147.15
2175.404,55.3669143,10.4313473,35.990,-0.950,0.08,0.00,0.00,147.23
2175.784,55.3669096,10.4313462,35.930,-1.010,0.01,0.00,0.00,149.63
2175.985,55.3669052,10.4313454,35.960,-0.980,0.08,0.00,0.00,151.47
2176.407,55.3669007,10.4313447,35.960,-0.980,0.30,0.00,0.00,146.37
2176.809,55.3668968,10.4313442,36.020,-0.920,-0.02,0.00,0.00,142.97
2176.990,55.3668930,10.4313440,35.950,-0.990,0.06,0.00,0.00,138.73
2177.393,55.3668898,10.4313429,35.880,-1.060,-0.10,0.00,0.00,135.36
2177.613,55.3668866,10.4313411,35.880,-1.060,0.35,0.00,0.00,128.89
2178.014,55.3668840,10.4313391,35.900,-1.040,-0.03,0.00,0.00,129.70
2178.395,55.3668817,10.4313379,35.880,-1.060,0.00,0.00,0.00,129.87
2178.595,55.3668800,10.4313367,35.880,-1.060,-0.08,0.00,0.00,128.73
2178.997,55.3668787,10.4313355,35.880,-1.060,0.09,0.00,0.00,121.59
2179.199,55.3668775,10.4313350,35.880,-1.060,-0.22,0.00,0.00,116.56
2179.601,55.3668768,10.4313356,35.820,-1.120,-0.01,0.00,0.00,113.35
2180.002,55.3668762,10.4313366,35.790,-1.150,-0.14,0.00,0.00,111.17
2180.184,55.3668756,10.4313377,35.780,-1.160,0.11,0.00,0.00,101.11
2180.604,55.3668749,10.4313398,35.760,-1.180,-0.18,0.00,0.00,95.30
2180.986,55.3668741,10.4313430,35.710,-1.230,-0.08,0.00,0.00,91.65
2181.187,55.3668732,10.4313461,35.700,-1.240,-0.10,0.00,0.00,89.41
2181.588,55.3668721,10.4313489,35.740,-1.200,0.03,0.00,0.00,86.03
2181.789,55.3668711,10.4313512,35.810,-1.130,-0.07,0.00,0.00,82.27
2182.191,55.3668709,10.4313540,35.840,-1.100,-0.04,0.00,0.00,79.44
2182.591,55.3668713,10.4313570,35.880,-1.060,0.05,0.00,0.00,76.77
2182.792,55.3668718,10.4313586,35.930,-1.010,0.16,0.00,0.00,72.77
2183.193,55.3668726,10.4313599,35.990,-0.950,0.02,0.00,0.00,70.62
2183.393,55.3668737,10.4313604,35.970,-0.970,-0.11,0.00,0