#time_boot,lat,lon,alt,relative_alt,vx,vy,vz,heading
1581.973,55.3668475,10.4313171,34.200,-2.740,-0.13,0.00,0.00,253.42
1582.374,55.3668480,10.4313166,34.090,-2.850,-0.11,0.00,0.00,254.36
1582.754,55.3668484,10.4313156,34.000,-2.940,-0.12,0.00,0.00,254.75
1582.974,55.3668487,10.4313146,33.960,-2.980,-0.10,0.00,0.00,255.09
1583.376,55.3668491,10.4313131,33.890,-3.050,-0.02,0.00,0.00,259.63
1583.758,55.3668495,10.4313123,33.870,-3.070,-0.05,0.00,0.00,263.62
1583.959,55.3668501,10.4313115,33.840,-3.100,-0.10,0.00,0.00,267.29
1584.360,55.3668507,10.4313107,33.800,-3.140,-0.08,0.00,0.00,268.98
1584.560,55.3668512,10.4313095,33.810,-3.130,0.02,0.00,0.00,269.03
1584.962,55.3668511,10.4313064,33.860,-3.080,0.09,0.00,0.00,251.76
1585.361,55.3668518,10.4313036,33.860,-3.080,-0.22,0.00,0.00,261.54
1585.582,55.3668526,10.4313010,33.780,-3.160,-0.02,0.00,0.00,268.27
1585.983,55.3668532,10.4312980,33.770,-3.170,-0.12,0.00,0.00,267.14
1586.163,55.3668539,10.4312946,33.640,-3.300,-0.24,0.00,0.00,261.57
1586.584,55.3668550,10.4312915,33.520,-3.420,-0.12,0.00,0.00,255.07
1586.965,55.3668563,10.4312898,33.490,-3.450,-0.03,0.00,0.00,257.34
1587.166,55.3668573,10.4312887,33.440,-3.500,-0.01,0.00,0.00,266.97
1587.567,55.3668581,10.4312870,33.420,-3.520,0.06,0.00,0.00,278.47
1587.768,55.3668585,10.4312848,33.420,-3.520,-0.06,0.00,0.00,282.32
1588.168,55.3668592,10.4312834,33.370,-3.570,-0.15,0.00,0.00,274.76
1588.369,55.3668603,10.4312822,33.350,-3.590,-0.05,0.00,0.00,270.02
1588.770,55.3668612,10.4312818,33.320,-3.620,-0.08,0.00,0.00,268.16
1589.171,55.3668612,10.4312815,33.300,-3.640,0.03,0.00,0.00,270.64
1589.371,55.3668610,10.4312811,33.310,-3.630,-0.05,0.00,0.00,272.58
1589.772,55.3668605,10.4312806,33.290,-3.650,-0.06,0.00,0.00,270.25
1590.175,55.3668602,10.4312797,33.300,-3.640,0.00,0.00,0.00,269.98
1590.375,55.3668603,10.4312784,33.320,-3.620,0.05,0.00,0.00,276.01
1590.759,55.3668607,10.4312767,33.350,-3.590,0.07,0.00,0.00,282.48
1590.960,55.3668612,10.4312744,33.390,-3.550,0.02,0.00,0.00,282.22
1591.362,55.3668620,10.4312713,33.400,-3.540,-0.10,0.00,0.00,272.54
1591.764,55.3668632,10.4312677,33.420,-3.520,0.06,0.00,0.00,270.17
1591.965,55.3668642,10.4312655,33.470,-3.470,0.07,0.00,0.00,269.39
1592.368,55.3668655,10.4312640,33.470,-3.470,-0.10,0.00,0.00,271.88
1592.569,55.3668674,10.4312615,33.480,-3.460,0.24,0.00,0.00,272.42
1592.972,55.3668691,10.4312593,33.560,-3.380,-0.03,0.00,0.00,271.43
1593.353,55.3668712,10.4312588,33.520,-3.420,-0.11,0.00,0.00,265.24
1593.573,55.3668737,10.4312592,33.520,-3.420,0.02,0.00,0.00,266.39
1593.954,55.3668762,10.4312596,33.520,-3.420,-0.25,0.00,0.00,303.49
1594.354,55.3668787,10.4312585,33.450,-3.490,-0.06,0.00,0.00,325.77
1594.554,55.3668817,10.4312577,33.470,-3.470,-0.18,0.00,0.00,347.50
1594.954,55.3668852,10.4312577,33.430,-3.510,0.17,0.00,0.00,356.49
1595.154,55.3668889,10.4312576,33.430,-3.510,-0.38,0.00,0.00,359.16
1595.575,55.3668928,10.4312593,33.310,-3.630,-0.19,0.00,0.00,9.75
1595.958,55.3668963,10.4312610,33.280,-3.660,-0.22,0.00,0.00,7.89
1596.158,55.3668987,10.4312596,33.220,-3.720,0.18,0.00,0.00,353.37
1596.558,55.3669014,10.4312579,33.250,-3.690,-0.38,0.00,0.00,350.24
1596.760,55.3669043,10.4312560,33.160,-3.780,-0.16,0.00,0.00,351.77
1597.160,55.3669066,10.4312541,33.150,-3.790,-0.28,0.00,0.00,348.86
1597.562,55.3669092,10.4312527,33.180,-3.760,0.17,0.00,0.00,299.08
1597.762,55.3669120,10.4312529,33.200,-3.740,-0.45,0.00,0.00,338.65
1598.163,55.3669143,10.4312532,33.150,-3.790,-0.04,0.00,0.00,344.98
1598.364,55.3669163,10.4312533,33.170,-3.770,-0.25,0.00,0.00,344.76
1598.766,55.3669182,10.4312541,33.210,-3.730,0.16,0.00,0.00,324.73
1599.168,55.3669203,10.4312549,33.200,-3.740,-0.46,0.00,0.00,346.22
1599.367,55.3669229,10.4312549,33.120,-3.820,-0.21,0.00,0.00,1.15
1599.770,55.3669249,10.4312547,33.100,-3.840,-0.34,0.00,0.00,12.56
1599.951,55.3669270,10.4312545,33.160,-3.780,0.16,0.00,0.00,359.45
1600.352,55.3669291,10.4312536,33.180,-3.760,-0.49,0.00,0.00,6.27
1600.774,55.3669319,10.4312527,33.150,-3.790,-0.05,0.00,0.00,15.62
1600.975,55.3669345,10.4312511,33.150,-3.790,-0.36,0.00,0.00,12.09
1601.375,55.3669376,10.4312497,33.190,-3.750,0.15,0.00,0.00,319.73
1601.576,55.3669410,10.4312477,33.170,-3.770,-0.58,0.00,0.00,341.13
1601.976,55.3669445,10.4312463,33.120,-3.820,0.07,0.00,0.00,4.78
1602.377,55.3669476,10.4312456,33.110,-3.830,-0.33,0.00,0.00,357.97
1602.578,55.3669516,10.4312450,33.170,-3.770,0.05,0.00,0.00,344.61
1602.959,55.3669555,10.4312442,33.090,-3.850,-0.52,0.00,0.00,357.99
1603.160,55.3669594,10.4312424,33.090,-3.850,-0.10,0.00,0.00,9.89
1603.562,55.3669631,10.4312411,33.100,-3.840,-0.04,0.00,0.00,350.77
1603.982,55.3669667,10.4312395,33.200,-3.740,-0.14,0.00,0.00,343.51
1604.184,55.3669702,10.4312379,33.160,-3.780,-0.32,0.00,0.00,18.10
1604.566,55.3669736,10.4312359,33.160,-3.780,-0.21,0.00,0.00,15.68
1604.766,55.3669764,10.4312340,33.120,-3.820,0.00,0.00,0.00,354.87
1605.168,55.3669797,10.4312333,33.210,-3.730,-0.11,0.00,0.00,347.12
1605.550,55.3669833,10.4312328,33.110,-3.830,-0.42,0.00,0.00,7.28
1605.771,55.3669864,10.4312325,33.070,-3.870,-0.25,0.00,0.00,3.68
1606.171,55.3669897,10.4312319,33.030,-3.910,0.16,0.00,0.00,337.54
1606.572,55.3669936,10.4312312,33.160,-3.780,0.45,0.00,0.00,342.96
1606.772,55.3669979,10.4312304,33.240,-3.700,-0.23,0.00,0.00,355.76
1607.174,55.3670013,10.4312302,33.260,-3.680,-0.18,0.00,0.00,6.28
1607.375,55.3670054,10.4312300,33.260,-3.680,-0.03,0.00,0.00,9.77
1607.775,55.3670095,10.4312295,33.310,-3.630,-0.23,0.00,0.00,13.52
1608.176,55.3670138,10.4312280,33.310,-3.630,-0.01,0.00,0.00,20.85
1608.376,55.3670180,10.4312258,33.350,-3.590,-0.30,0.00,0.00,32.14
1608.777,55.3670225,10.4312241,33.370,-3.570,0.27,0.00,0.00,30.67
1608.959,55.3670263,10.4312221,33.450,-3.490,-0.22,0.00,0.00,26.63
1609.359,55.3670302,10.4312194,33.470,-3.470,0.17,0.00,0.00,27.29
1609.779,55.3670339,10.4312177,33.530,-3.410,-0.17,0.00,0.00,34.03
1609.960,55.3670376,10.4312156,33.590,-3.350,0.26,0.00,0.00,28.85
1610.360,55.3670407,10.4312132,33.610,-3.330,-0.26,0.00,0.00,29.93
1610.561,55.3670445,10.4312111,33.640,-3.300,0.25,0.00,0.00,37.33
1610.962,55.3670477,10.4312097,33.660,-3.280,-0.14,0.00,0.00,41.00
1611.361,55.3670514,10.4312089,33.730,-3.210,0.28,0.00,0.00,35.15
1611.562,55.3670544,10.4312070,33.750,-3.190,-0.16,0.00,0.00,29.46
1611.962,55.3670576,10.4312055,33.800,-3.140,0.14,0.00,0.00,31.95
1612.182,55.3670610,10.4312052,33.770,-3.170,-0.14,0.00,0.00,35.75
1612.565,55.3670643,10.4312042,33.820,-3.120,0.35,0.00,0.00,34.08
1612.966,55.3670668,10.4312024,33.800,-3.140,-0.03,0.00,0.00,31.36
1613.166,55.3670696,10.4312004,33.870,-3.070,0.12,0.00,0.00,38.60
1613.587,55.3670729,10.4311993,33.880,-3.060,0.26,0.00,0.00,42.60
1613.768,55.3670760,10.4311973,34.010,-2.930,0.07,0.00,0.00,33.47
1614.168,55.3670794,10.4311953,34.000,-2.940,-0.02,0.00,0.00,26.32
1614.569,55.3670830,10.4311936,33.970,-2.970,-0.21,0.00,0.00,28.85
1614.788,55.3670863,10.4311916,33.880,-3.060,0.14,0.00,0.00,14.17
1615.169,55.3670897,10.4311900,33.950,-2.990,0.01,0.00,0.00,6.05
1615.370,55.3670935,10.4311889,33.910,-3.030,0.09,0.00,0.00,7.29
1615.772,55.3670972,10.4311866,33.930,-3.010,-0.04,0.00,0.00,12.20
1616.173,55.3671009,10.4311829,33.930,-3.010,0.44,0.00,0.00,0.60
1616.373,55.3671049,10.4311811,34.040,-2.900,-0.04,0.00,0.00,2.07
1616.774,55.3671088,10.4311794,34.000,-2.940,0.07,0.00,0.00,4.29
1616.974,55.3671121,10.4311769,33.970,-2.970,-0.13,0.00,0.00,8.48
1617.355,55.3671163,10.4311757,33.980,-2.960,0.60,0.00,0.00,4.05
1617.757,55.3671207,10.4311754,34.020,-2.920,-0.24,0.00,0.00,13.92
1617.958,55.3671247,10.4311757,33.920,-3.020,0.14,0.00,0.00,9.43
1618.358,55.3671282,10.4311753,33.840,-3.100,-0.11,0.00,0.00,6.83
1618.558,55.3671318,10.4311759,33.870,-3.070,0.42,0.00,0.00,6.06
1618.960,55.3671358,10.4311774,33.800,-3.140,-0.35,0.00,0.00,9.57
1619.361,55.3671404,10.4311796,33.760,-3.180,0.08,0.00,0.00,16.53
1619.583,55.3671444,10.4311799,33.700,-3.240,0.00,0.00,0.00,15.23
1619.964,55.3671484,10.4311796,33.760,-3.180,0.11,0.00,0.00,3.95
1620.365,55.3671527,10.4311790,33.730,-3.210,-0.21,0.00,0.00,9.21
1620.567,55.3671570,10.4311785,33.740,-3.200,-0.01,0.00,0.00,15.01
1620.968,55.3671615,10.4311791,33.710,-3.230,0.15,0.00,0.00,18.32
1621.167,55.3671661,10.4311793,33.760,-3.180,-0.10,0.00,0.00,19.91
1621.569,55.3671709,10.4311795,33.700,-3.240,-0.01,0.00,0.00,22.42
1621.970,55.3671753,10.4311792,33.700,-3.240,-0.01,0.00,0.00,21.42
1622.172,55.3671794,10.4311794,33.690,-3.250,0.27,0.00,0.00,19.59
1622.574,55.3671829,10.4311795,33.700,-3.240,-0.23,0.00,0.00,21.42
1622.756,55.3671865,10.4311787,33.620,-3.320,-0.21,0.00,0.00,20.57
1623.159,55.3671886,10.4311775,33.430,-3.510,-0.47,0.00,0.00,19.15
1623.562,55.3671909,10.4311776,33.380,-3.560,0.27,0.00,0.00,1.06
1623.762,55.3671926,10.4311770,33.300,-3.640,-0.40,0.00,0.00,2.31
1624.185,55.3671948,10.4311766,33.200,-3.740,-0.04,0.00,0.00,6.47
1624.366,55.3671968,10.4311768,33.040,-3.900,-0.12,0.00,0.00,9.73
1624.770,55.3671982,10.4311784,32.960,-3.980,0.02,0.00,0.00,9.05
1625.171,55.3671986,10.4311788,32.730,-4.210,-0.36,0.00,0.00,14.94
1625.373,55.3671992,10.4311778,32.560,-4.380,-0.26,0.00,0.00,12.09
1625.777,55.3672012,10.4311774,32.450,-4.490,-0.25,0.00,0.00,12.49
1626.158,55.3672044,10.4311779,32.500,-4.440,-0.24,0.00,0.00,14.43
1626.359,55.3672086,10.4311774,32.480,-4.460,-0.31,0.00,0.00,16.25
1626.762,55.3672126,10.4311762,32.490,-4.450,-0.29,0.00,0.00,15.44
1626.962,55.3672169,10.4311756,32.450,-4.490,-0.09,0.00,0.00,20.67
1627.363,55.3672212,10.4311747,32.500,-4.440,-0.32,0.00,0.00,22.51
1627.765,55.3672255,10.4311738,32.440,-4.500,-0.18,0.00,0.00,21.36
1627.965,55.3672297,10.4311737,32.450,-4.490,-0.34,0.00,0.00,24.20
1628.367,55.3672334,10.4311745,32.420,-4.520,0.00,0.00,0.00,22.30
1628.567,55.3672371,10.4311758,32.450,-4.490,-0.39,0.00,0.00,24.32
1628.968,55.3672408,10.4311767,32.390,-4.550,-0.07,0.00,0.00,26.90
1629.169,55.3672444,10.4311770,32.440,-4.500,-0.40,0.00,0.00,27.55
1629.571,55.3672491,10.4311775,32.520,-4.420,0.08,0.00,0.00,25.33
1629.972,55.3672539,10.4311778,32.600,-4.340,-0.48,0.00,0.00,24.24
1630.172,55.3672582,10.4311790,32.560,-4.380,-0.05,0.00,0.00,24.28
1630.573,55.3672622,10.4311819,32.600,-4.340,-0.26,0.00,0.00,26.41
1630.973,55.3672669,10.4311833,32.660,-4.280,0.00,0.00,0.00,21.69
1631.174,55.3672724,10.4311840,32.720,-4.220,-0.32,0.00,0.00,20.78
1631.575,55.3672789,10.4311849,32.840,-4.100,0.14,0.00,0.00,18.79
1631.775,55.3672840,10.4311865,32.890,-4.050,-0.09,0.00,0.00,23.46
1632.175,55.3672886,10.4311873,32.940,-4.000,-0.09,0.00,0.00,20.74
1632.575,55.3672933,10.4311873,32.890,-4.050,-0.23,0.00,0.00,18.01
1632.777,55.3672980,10.4311882,32.930,-4.010,-0.09,0.00,0.00,17.17
1633.158,55.3673016,10.4311893,32.950,-3.990,0.03,0.00,0.00,22.62
1633.357,55.3673056,10.4311894,33.080,-3.860,0.01,0.00,0.00,19.91
1633.759,55.3673104,10.4311887,33.150,-3.790,-0.03,0.00,0.00,19.20
1634.160,55.3673153,10.4311889,33.260,-3.680,-0.21,0.00,0.00,20.44
1634.361,55.3673202,10.4311897,33.340,-3.600,0.27,0.00,0.00,13.97
1634.762,55.3673254,10.4311898,33.530,-3.410,-0.02,0.00,0.00,10.18
1634.962,55.3673311,10.4311906,33.560,-3.380,0.22,0.00,0.00,17.86
1635.363,55.3673364,10.4311913,33.630,-3.310,-0.14,0.00,0.00,32.16
1635.765,55.3673424,10.4311911,33.670,-3.270,0.42,0.00,0.00,21.91
1635.964,55.3673477,10.4311899,33.750,-3.190,-0.12,0.00,0.00,19.90
1636.365,55.3673523,10.4311895,33.780,-3.160,0.14,0.00,0.00,25.88
1636.566,55.3673559,10.4311890,33.750,-3.190,-0.16,0.00,0.00,31.38
1636.967,55.3673600,10.4311887,33.790,-3.150,0.22,0.00,0.00,29.99
1637.367,55.3673636,10.4311877,33.780,-3.160,-0.27,0.00,0.00,25.55
1637.568,55.3673674,10.4311878,33.780,-3.160,0.07,0.00,0.00,23.12
1637.968,55.3673709,10.4311889,33.750,-3.190,-0.06,0.00,0.00,20.60
1638.167,55.3673749,10.4311904,33.800,-3.140,0.17,0.00,0.00,18.68
1638.571,55.3673795,10.4311902,33.800,-3.140,-0.20,0.00,0.00,23.47
1638.971,55.3673841,10.4311898,33.790,-3.150,-0.04,0.00,0.00,19.81
1639.172,55.3673887,10.4311896,33.730,-3.210,-0.05,0.00,0.00,14.92
1639.573,55.3673931,10.4311901,33.810,-3.130,0.10,0.00,0.00,13.98
1639.773,55.3673983,10.4311891,33.770,-3.170,-0.01,0.00,0.00,16.47
1640.174,55.3674032,10.4311884,33.820,-3.120,-0.17,0.00,0.00,19.99
1640.576,55.3674080,10.4311879,33.810,-3.130,0.10,0.00,0.00,17.89
1640.756,55.3674128,10.4311870,33.910,-3.030,-0.11,0.00,0.00,14.98
1641.158,55.3674170,10.4311862,33.900,-3.040,0.00,0.00,0.00,14.57
1641.559,55.3674212,10.4311856,33.890,-3.050,-0.21,0.00,0.00,12.72
1641.760,55.3674256,10.4311851,33.890,-3.050,0.17,0.00,0.00,8.61
1642.181,55.3674299,10.4311848,33.940,-3.000,-0.23,0.00,0.00,8.04
1642.361,55.3674344,10.4311848,33.930,-3.010,0.06,0.00,0.00,14.02
1642.763,55.3674387,10.4311841,33.930,-3.010,-0.15,0.00,0.00,18.88
1643.165,55.3674425,10.4311835,33.940,-3.000,0.19,0.00,0.00,13.95
1643.365,55.3674456,10.4311821,33.890,-3.050,-0.35,0.00,0.00,14.60
1643.785,55.3674495,10.4311804,33.850,-3.090,0.00,0.00,0.00,18.33
1643.966,55.3674541,10.4311793,33.840,-3.100,-0.30,0.00,0.00,21.42
1644.367,55.3674592,10.4311779,33.900,-3.040,0.13,0.00,0.00,18.52
1644.769,55.3674644,10.4311760,33.930,-3.010,-0.20,0.00,0.00,19.66
1644.969,55.3674700,10.4311743,34.030,-2.910,0.01,0.00,0.00,22.11
1645.370,55.3674753,10.4311730,34.020,-2.920,-0.11,0.00,0.00,20.63
1645.571,55.3674803,10.4311712,34.080,-2.860,0.00,0.00,0.00,17.13
1645.971,55.3674865,10.4311691,34.070,-2.870,-0.10,0.00,0.00,13.34
1646.373,55.3674925,10.4311669,34.120,-2.820,-0.14,0.00,0.00,13.49
1646.574,55.3674982,10.4311655,34.130,-2.810,0.28,0.00,0.00,15.58
1646.976,55.3675033,10.4311645,34.200,-2.740,-0.04,0.00,0.00,14.63
1647.176,55.3675088,10.4311629,34.190,-2.750,-0.05,0.00,0.00,15.43
1647.578,55.3675134,10.4311618,34.180,-2.760,-0.29,0.00,0.00,20.46
1647.979,55.3675182,10.4311615,34.180,-2.760,0.21,0.00,0.00,16.54
1648.180,55.3675228,10.4311607,34.220,-2.720,-0.48,0.00,0.00,18.26
1648.560,55.3675278,10.4311593,34.170,-2.770,0.00,0.00,0.00,10.89
1648.762,55.3675313,10.4311592,34.160,-2.780,-0.26,0.00,0.00,14.78
1649.162,55.3675359,10.4311598,34.230,-2.710,0.39,0.00,0.00,11.90
1649.584,55.3675405,10.4311595,34.280,-2.660,-0.37,0.00,0.00,18.72
1649.763,55.3675454,10.4311592,34.270,-2.670,0.09,0.00,0.00,18.13
1650.166,55.3675501,10.4311585,34.240,-2.700,-0.08,0.00,0.00,20.58
1650.366,55.3675554,10.4311582,34.380,-2.560,0.17,0.00,0.00,24.50
1650.769,55.3675593,10.4311572,34.310,-2.630,-0.25,0.00,0.00,30.18
1651.169,55.3675635,10.4311556,34.310,-2.630,-0.01,0.00,0.00,16.47
1651.369,55.3675673,10.4311535,34.250,-2.690,0.09,0.00,0.00,20.48
1651.771,55.3675712,10.4311520,34.330,-2.610,0.00,0.00,0.00,14.01
1651.972,55.3675755,10.4311505,34.260,-2.680,-0.12,0.00,0.00,18.94
1652.373,55.3675799,10.4311491,34.240,-2.700,-0.24,0.00,0.00,19.10
1652.755,55.3675842,10.4311479,34.190,-2.750,0.26,0.00,0.00,14.08
1652.977,55.3675883,10.4311472,34.260,-2.680,-0.29,0.00,0.00,9.84
1653.358,55.3675920,10.4311462,34.160,-2.780,-0.11,0.00,0.00,9.56
1653.579,55.3675952,10.4311452,34.110,-2.830,-0.30,0.00,0.00,10.58
1653.961,55.3675989,10.4311443,34.090,-2.850,0.26,0.00,0.00,7.25
1654.364,55.3676030,10.4311434,34.150,-2.790,-0.38,0.00,0.00,9.06
1654.564,55.3676066,10.4311420,34.070,-2.870,0.00,0.00,0.00,11.48
1654.968,55.3676100,10.4311411,34.080,-2.860,-0.27,0.00,0.00,20.75
1655.370,55.3676138,10.4311403,34.160,-2.780,0.19,0.00,0.00,12.28
1655.571,55.3676181,10.4311390,34.230,-2.710,-0.40,0.00,0.00,15.22
1655.972,55.3676227,10.4311378,34.280,-2.660,0.02,0.00,0.00,15.12
1656.173,55.3676264,10.4311373,34.300,-2.640,-0.13,0.00,0.00,20.56
1656.575,55.3676303,10.4311363,34.440,-2.500,0.12,0.00,0.00,17.55
1656.976,55.3676338,10.4311344,34.440,-2.500,-0.21,0.00,0.00,21.26
1657.158,55.3676369,10.4311326,34.490,-2.450,-0.03,0.00,0.00,20.28
1657.578,55.3676399,10.4311308,34.470,-2.470,0.11,0.00,0.00,26.45
1657.780,55.3676434,10.4311282,34.620,-2.320,0.04,0.00,0.00,18.09
1658.162,55.3676456,10.4311253,34.560,-2.380,-0.17,0.00,0.00,20.87
1658.562,55.3676477,10.4311227,34.580,-2.360,-0.11,0.00,0.00,23.54
1658.763,55.3676505,10.4311203,34.560,-2.380,0.24,0.00,0.00,16.74
1659.163,55.3676539,10.4311185,34.670,-2.270,-0.23,0.00,0.00,13.84
1659.363,55.3676573,10.4311172,34.590,-2.350,-0.07,0.00,0.00,19.43
1659.766,55.3676610,10.4311160,34.610,-2.330,-0.18,0.00,0.00,25.03
1660.167,55.3676655,10.4311155,34.600,-2.340,0.24,0.00,0.00,22.11
1660.367,55.3676707,10.4311156,34.680,-2.260,-0.27,0.00,0.00,21.14
1660.769,55.3676761,10.4311162,34.610,-2.330,-0.04,0.00,0.00,25.72
1660.968,55.3676815,10.4311167,34.630,-2.310,-0.22,0.00,0.00,28.42
1661.369,55.3676876,10.4311181,34.700,-2.240,0.36,0.00,0.00,26.70
1661.771,55.3676935,10.4311199,34.780,-2.160,-0.24,0.00,0.00,32.72
1661.971,55.3676994,10.4311231,34.790,-2.150,0.12,0.00,0.00,35.24
1662.372,55.3677048,10.4311256,34.820,-2.120,-0.07,0.00,0.00,35.73
1662.572,55.3677105,10.4311286,34.930,-2.010,0.25,0.00,0.00,27.70
1662.974,55.3677159,10.4311323,34.900,-2.040,-0.39,0.00,0.00,25.55
1663.356,55.3677210,10.4311366,34.880,-2.060,0.10,0.00,0.00,30.55
1663.575,55.3677256,10.4311411,34.840,-2.100,-0.15,0.00,0.00,31.43
1663.957,55.3677304,10.4311455,34.890,-2.050,0.19,0.00,0.00,18.30
1664.357,55.3677350,10.4311499,34.830,-2.110,-0.38,0.00,0.00,22.92
1664.557,55.3677391,10.4311549,34.780,-2.160,-0.06,0.00,0.00,24.92
1664.958,55.3677430,10.4311601,34.720,-2.220,-0.01,0.00,0.00,22.74
1665.177,55.3677475,10.4311660,34.800,-2.140,-0.08,0.00,0.00,14.83
1665.578,55.3677520,10.4311722,34.690,-2.250,-0.29,0.00,0.00,19.63
1665.959,55.3677560,10.4311789,34.680,-2.260,-0.20,0.00,0.00,22.86
1666.178,55.3677605,10.4311863,34.670,-2.270,0.15,0.00,0.00,19.16
1666.579,55.3677652,10.4311935,34.760,-2.180,-0.26,0.00,0.00,19.13
1666.779,55.3677702,10.4312011,34.720,-2.220,-0.05,0.00,0.00,20.59
1667.160,55.3677743,10.4312085,34.760,-2.180,-0.33,0.00,0.00,27.38
1667.361,55.3677778,10.4312144,34.780,-2.160,0.18,0.00,0.00,21.04
1667.763,55.3677815,10.4312197,34.860,-2.080,-0.37,0.00,0.00,13.85
1668.164,55.3677855,10.4312245,34.830,-2.110,0.00,0.00,0.00,11.04
1668.384,55.3677888,10.4312288,34.840,-2.100,-0.35,0.00,0.00,16.62
1668.765,55.3677926,10.4312341,34.920,-2.020,0.39,0.00,0.00,10.48
1669.165,55.3677966,10.4312389,34.990,-1.950,-0.33,0.00,0.00,15.69
1669.365,55.3678002,10.4312424,35.000,-1.940,0.17,0.00,0.00,11.16
1669.786,55.3678032,10.4312449,35.050,-1.890,-0.14,0.00,0.00,12.22
1669.985,55.3678065,10.4312477,35.190,-1.750,0.33,0.00,0.00,10.86
1670.367,55.3678102,10.4312499,35.230,-1.710,-0.32,0.00,0.00,12.19
1670.769,55.3678138,10.4312510,35.270,-1.670,0.23,0.00,0.00,12.19
1670.970,55.3678173,10.4312520,35.300,-1.640,0.13,0.00,0.00,14.73
1671.372,55.3678208,10.4312536,35.430,-1.510,0.13,0.00,0.00,8.93
1671.572,55.3678245,10.4312551,35.350,-1.590,-0.14,0.00,0.00,11.68
1671.973,55.3678282,10.4312569,35.350,-1.590,0.06,0.00,0.00,11.43
1672.373,55.3678316,10.4312590,35.360,-1.580,0.20,0.00,0.00,10.60
1672.573,55.3678347,10.4312620,35.490,-1.450,-0.03,0.00,0.00,9.30
1672.976,55.3678378,10.4312646,35.480,-1.460,-0.03,0.00,0.00,15.92
1673.175,55.3678407,10.4312671,35.570,-1.370,0.00,0.00,0.00,18.12
1673.577,55.3678437,10.4312685,35.640,-1.300,0.33,0.00,0.00,12.65
1673.977,55.3678467,10.4312699,35.750,-1.190,-0.19,0.00,0.00,9.74
1674.177,55.3678498,10.4312718,35.720,-1.220,0.25,0.00,0.00,11.34
1674.558,55.3678526,10.4312732,35.810,-1.130,-0.07,0.00,0.00,22.16
1674.779,55.3678557,10.4312749,35.870,-1.070,0.50,0.00,0.00,15.06
1675.160,55.3678591,10.4312765,35.880,-1.060,-0.38,0.00,0.00,19.18
1675.562,55.3678629,10.4312782,35.790,-1.150,0.37,0.00,0.00,19.66
1675.763,55.3678664,10.4312792,35.770,-1.170,-0.10,0.00,0.00,28.69
1676.164,55.3678704,10.4312806,35.790,-1.150,0.43,0.00,0.00,18.27
1676.364,55.3678743,10.4312834,35.690,-1.250,-0.32,0.00,0.00,24.45
1676.764,55.3678780,10.4312863,35.610,-1.330,0.22,0.00,0.00,26.21
1677.165,55.3678818,10.4312893,35.500,-1.440,-0.07,0.00,0.00,38.20
1677.366,55.3678861,10.4312923,35.460,-1.480,0.24,0.00,0.00,37.44
1677.766,55.3678907,10.4312945,35.410,-1.530,-0.09,0.00,0.00,43.51
1677.967,55.3678951,10.4312964,35.370,-1.570,-0.04,0.00,0.00,53.08
1678.368,55.3678993,10.4312986,35.240,-1.700,-0.17,0.00,0.00,51.92
1678.769,55.3679037,10.4313007,35.250,-1.690,0.15,0.00,0.00,45.33
1678.970,55.3679079,10.4313028,35.190,-1.750,-0.16,0.00,0.00,48.34
1679.371,55.3679123,10.4313044,35.140,-1.800,-0.14,0.00,0.00,46.24
1679.753,55.3679161,10.4313063,35.010,-1.930,-0.14,0.00,0.00,48.12
1679.973,55.3679200,10.4313090,35.020,-1.920,0.05,0.00,0.00,46.81
1680.355,55.3679240,10.4313127,34.950,-1.990,-0.13,0.00,0.00,48.47
1680.556,55.3679277,10.4313157,34.880,-2.060,-0.17,0.00,0.00,53.27
1680.957,55.3679311,10.4313199,34.830,-2.110,0.07,0.00,0.00,63.74
1681.158,55.3679342,10.4313248,34.840,-2.100,-0.21,0.00,0.00,75.54
1681.578,55.3679376,10.4313307,34.770,-2.170,-0.13,0.00,0.00,83.40
1681.979,55.3679406,10.4313360,34.730,-2.210,-0.29,0.00,0.00,86.28
1682.159,55.3679436,10.4313429,34.660,-2.280,0.07,0.00,0.00,84.44
1682.561,55.3679458,10.4313506,34.640,-2.300,-0.37,0.00,0.00,84.59
1682.963,55.3679476,10.4313585,34.540,-2.400,-0.16,0.00,0.00,91.09
1683.164,55.3679491,10.4313657,34.450,-2.490,-0.51,0.00,0.00,96.58
1683.566,55.3679507,10.4313731,34.420,-2.520,0.25,0.00,0.00,91.26
1683.766,55.3679522,10.4313806,34.420,-2.520,-0.37,0.00,0.00,90.14
1684.168,55.3679535,10.4313886,34.320,-2.620,-0.10,0.00,0.00,91.32
1684.569,55.3679542,10.4313953,34.260,-2.680,-0.29,0.00,0.00,96.53
1684.771,55.3679545,10.4314027,34.290,-2.650,0.16,0.00,0.00,94.30
1685.172,55.3679553,10.4314104,34.270,-2.670,-0.44,0.00,0.00,98.33
1685.353,55.3679558,10.4314186,34.230,-2.710,0.03,0.00,0.00,98.64
1685.755,55.3679559,10.4314258,34.220,-2.720,-0.24,0.00,0.00,110.08
1686.156,55.3679556,10.4314330,34.280,-2.660,0.16,0.00,0.00,108.34
1686.357,55.3679555,10.4314405,34.270,-2.670,-0.49,0.00,0.00,108.04
1686.758,55.3679560,10.4314479,34.240,-2.700,0.04,0.00,0.00,99.81
1686.959,55.3679558,10.4314542,34.220,-2.720,-0.20,0.00,0.00,103.60
1687.361,55.3679557,10.4314616,34.290,-2.650,0.08,0.00,0.00,102.22
1687.763,55.3679557,10.4314696,34.230,-2.710,-0.38,0.00,0.00,111.43
1687.963,55.3679556,10.4314778,34.250,-2.690,-0.06,0.00,0.00,114.72
1688.365,55.3679558,10.4314856,34.260,-2.680,-0.03,0.00,0.00,119.15
1688.566,55.3679561,10.4314936,34.380,-2.560,0.00,0.00,0.00,114.89
1688.967,55.3679561,10.4315024,34.320,-2.620,-0.28,0.00,0.00,112.40
1689.368,55.3679561,10.4315108,34.340,-2.600,-0.07,0.00,0.00,118.65
1689.569,55.3679561,10.4315194,34.330,-2.610,0.02,0.00,0.00,123.60
1689.971,55.3679564,10.4315282,34.450,-2.490,-0.07,0.00,0.00,119.81
1690.152,55.3679565,10.4315374,34.410,-2.530,-0.08,0.00,0.00,122.72
1690.573,55.3679568,10.4315457,34.440,-2.500,-0.14,0.00,0.00,127.11
1690.974,55.3679571,10.4315542,34.430,-2.510,0.09,0.00,0.00,124.81
1691.174,55.3679572,10.4315628,34.500,-2.440,-0.16,0.00,0.00,118.96
1691.575,55.3679575,10.4315717,34.480,-2.460,0.00,0.00,0.00,118.44
1691.958,55.3679580,10.4315787,34.490,-2.450,-0.29,0.00,0.00,123.87
1692.177,55.3679584,10.4315859,34.440,-2.500,0.06,0.00,0.00,121.15
1692.559,55.3679586,10.4315930,34.520,-2.420,-0.20,0.00,0.00,116.21
1692.760,55.3679595,10.4316006,34.510,-2.430,-0.07,0.00,0.00,117.18
1693.161,55.3679604,10.4316070,34.510,-2.430,-0.30,0.00,0.00,119.56
1693.362,55.3679614,10.4316139,34.510,-2.430,0.28,0.00,0.00,109.64
1693.784,55.3679621,10.4316206,34.570,-2.370,-0.28,0.00,0.00,106.53
1694.184,55.3679625,10.4316285,34.560,-2.380,-0.01,0.00,0.00,111.39
1694.365,55.3679626,10.4316359,34.540,-2.400,-0.30,0.00,0.00,121.54
1694.766,55.3679626,10.4316442,34.580,-2.360,0.39,0.00,0.00,113.25
1695.169,55.3679627,10.4316525,34.630,-2.310,-0.25,0.00,0.00,114.60
1695.349,55.3679627,10.4316610,34.630,-2.310,-0.02,0.00,0.00,120.73
1695.769,55.3679626,10.4316682,34.600,-2.340,-0.18,0.00,0.00,128.01
1695.969,55.3679629,10.4316760,34.690,-2.250,0.41,0.00,0.00,116.42
1696.370,55.3679627,10.4316841,34.720,-2.220,-0.25,0.00,0.00,121.51
1696.771,55.3679625,10.4316922,34.740,-2.200,-0.08,0.00,0.00,130.88
1696.972,55.3679626,10.4316998,34.710,-2.230,-0.03,0.00,0.00,127.57
1697.373,55.3679628,10.4317081,34.830,-2.110,0.20,0.00,0.00,114.16
1697.574,55.3679628,10.4317162,34.820,-2.120,-0.06,0.00,0.00,115.93
1697.955,55.3679624,10.4317238,34.860,-2.080,0.00,0.00,0.00,119.43
1698.375,55.3679623,10.4317307,34.850,-2.090,0.04,0.00,0.00,116.63
1698.575,55.3679617,10.4317385,34.950,-1.990,0.10,0.00,0.00,115.75
1698.957,55.3679608,10.4317464,34.960,-1.980,0.08,0.00,0.00,119.38
1699.157,55.3679598,10.4317539,34.990,-1.950,-0.12,0.00,0.00,119.10
1699.578,55.3679586,10.4317609,34.980,-1.960,0.22,0.00,0.00,110.21
1699.960,55.3679569,10.4317690,35.090,-1.850,0.11,0.00,0.00,110.06
1700.161,55.3679546,10.4317780,35.140,-1.800,0.59,0.00,0.00,109.99
1700.561,55.3679526,10.4317869,35.330,-1.610,0.27,0.00,0.00,112.92
1700.762,55.3679500,10.4317949,35.410,-1.530,0.18,0.00,0.00,106.75
1701.182,55.3679476,10.4318018,35.420,-1.520,-0.17,0.00,0.00,97.82
1701.582,55.3679464,10.4318097,35.400,-1.540,0.20,0.00,0.00,91.92
1701.764,55.3679452,10.4318166,35.450,-1.490,-0.02,0.00,0.00,88.67
1702.165,55.3679438,10.4318228,35.480,-1.460,0.25,0.00,0.00,83.07
1702.365,55.3679422,10.4318284,35.510,-1.430,-0.02,0.00,0.00,86.20
1702.767,55.3679412,10.4318349,35.520,-1.420,0.16,0.00,0.00,89.12
1703.167,55.3679407,10.4318414,35.510,-1.430,0.00,0.00,0.00,87.29
1703.367,55.3679397,10.4318472,35.500,-1.440,0.24,0.00,0.00,87.38
1703.769,55.3679394,10.4318526,35.500,-1.440,-0.06,0.00,0.00,95.75
1703.988,55.3679397,10.4318590,35.480,-1.460,0.10,0.00,0.00,95.59
1704.369,55.3679401,10.4318651,35.450,-1.490,-0.01,0.00,0.00,93.31
1704.771,55.3679405,10.4318706,35.490,-1.450,0.24,0.00,0.00,86.64
1704.971,55.3679413,10.4318763,35.460,-1.480,-0.11,0.00,0.00,86.79
1705.372,55.3679421,10.4318830,35.460,-1.480,0.17,0.00,0.00,86.15
1705.753,55.3679427,10.4318894,35.460,-1.480,0.16,0.00,0.00,85.96
1705.973,55.3679432,10.4318954,35.520,-1.420,0.10,0.00,0.00,84.57
1706.354,55.3679443,10.4319017,35.480,-1.460,-0.04,0.00,0.00,84.58
1706.554,55.3679455,10.4319086,35.490,-1.450,0.09,0.00,0.00,84.57
1706.976,55.3679465,10.4319153,35.490,-1.450,0.12,0.00,0.00,81.20
1707.177,55.3679477,10.4319211,35.490,-1.450,-0.03,0.00,0.00,80.82
1707.577,55.3679493,10.4319283,35.430,-1.510,-0.04,0.00,0.00,83.56
1707.960,55.3679506,10.4319353,35.410,-1.530,0.00,0.00,0.00,89.15
1708.160,55.3679517,10.4319410,35.430,-1.510,0.17,0.00,0.00,87.33
1708.581,55.3679530,10.4319460,35.410,-1.530,-0.20,0.00,0.00,88.81
1708.963,55.3679544,10.4319529,35.340,-1.600,0.13,0.00,0.00,97.81
1709.163,55.3679556,10.4319598,35.330,-1.610,0.02,0.00,0.00,104.74
1709.584,55.3679574,10.4319663,35.350,-1.590,0.29,0.00,0.00,107.04
1709.765,55.3679600,10.4319722,35.320,-1.620,-0.18,0.00,0.00,104.14
1710.165,55.3679626,10.4319789,35.260,-1.680,0.07,0.00,0.00,106.31
1710.565,55.3679646,10.4319849,35.190,-1.750,-0.07,0.00,0.00,113.64
1710.767,55.3679665,10.4319914,35.190,-1.750,0.10,0.00,0.00,109.97
1711.150,55.3679681,10.4319977,35.100,-1.840,-0.16,0.00,0.00,106.27
1711.351,55.3679690,10.4320051,35.070,-1.870,0.05,0.00,0.00,111.31
1711.751,55.3679694,10.4320117,35.010,-1.930,0.05,0.00,0.00,116.00
1712.155,55.3679690,10.4320183,35.060,-1.880,0.01,0.00,0.00,116.90
1712.355,55.3679688,10.4320253,34.990,-1.950,0.03,0.00,0.00,115.21
1712.755,55.3679693,10.4320321,34.970,-1.970,-0.28,0.00,0.00,111.31
1713.157,55.3679697,10.4320380,34.890,-2.050,0.16,0.00,0.00,105.37
1713.357,55.3679703,10.4320440,34.940,-2.000,-0.24,0.00,0.00,101.93
1713.759,55.3679708,10.4320503,34.840,-2.100,-0.09,0.00,0.00,94.30
1713.961,55.3679715,10.4320557,34.810,-2.130,-0.28,0.00,0.00,88.23
1714.362,55.3679716,10.4320613,34.830,-2.110,0.38,0.00,0.00,74.94
1714.764,55.3679715,10.4320682,34.870,-2.070,-0.39,0.00,0.00,77.30
1714.966,55.3679713,10.4320752,34.770,-2.170,0.09,0.00,0.00,72.89
1715.348,55.3679714,10.4320823,34.780,-2.160,-0.13,0.00,0.00,75.50
1715.569,55.3679711,10.4320891,34.830,-2.110,0.33,0.00,0.00,76.07
1715.950,55.3679709,10.4320967,34.820,-2.120,-0.42,0.00,0.00,78.75
1716.370,55.3679706,10.4321043,34.750,-2.190,0.20,0.00,0.00,79.59
1716.571,55.3679701,10.4321118,34.720,-2.220,-0.08,0.00,0.00,85.55
1716.974,55.3679697,10.4321194,34.820,-2.120,0.27,0.00,0.00,82.23
1717.174,55.3679696,10.4321264,34.800,-2.140,-0.34,0.00,0.00,84.78
1717.576,55.3679697,10.4321332,34.780,-2.160,0.16,0.00,0.00,82.01
1717.976,55.3679696,10.4321402,34.790,-2.150,0.02,0.00,0.00,93.16
1718.157,55.3679697,10.4321472,34.860,-2.080,0.14,0.00,0.00,95.63
1718.578,55.3679700,10.4321538,34.820,-2.120,-0.22,0.00,0.00,94.92
1718.780,55.3679705,10.4321607,34.820,-2.120,-0.07,0.00,0.00,96.29
1719.181,55.3679704,10.4321677,34.770,-2.170,0.15,0.00,0.00,94.65
1719.583,55.3679700,10.4321744,34.870,-2.070,-0.06,0.00,0.00,95.89
1719.764,55.3679702,10.4321817,34.800,-2.140,-0.12,0.00,0.00,95.20
1720.164,55.3679706,10.4321880,34.800,-2.140,-0.18,0.00,0.00,95.65
1720.365,55.3679706,10.4321950,34.790,-2.150,0.19,0.00,0.00,92.57
1720.766,55.3679704,10.4322028,34.860,-2.080,-0.08,0.00,0.00,96.83
1721.169,55.3679702,10.4322106,34.790,-2.150,-0.06,0.00,0.00,99.56
1721.369,55.3679704,10.4322175,34.780,-2.160,-0.12,0.00,0.00,99.46
1721.771,55.3679705,10.4322246,34.800,-2.140,0.27,0.00,0.00,92.83
1721.971,55.3679706,10.4322316,34.820,-2.120,-0.37,0.00,0.00,94.80
1722.372,55.3679708,10.4322394,34.760,-2.180,0.04,0.00,0.00,93.70
1722.773,55.3679710,10.4322464,34.770,-2.170,-0.17,0.00,0.00,97.93
1722.974,55.3679709,10.4322538,34.830,-2.110,0.38,0.00,0.00,99.50
1723.375,55.3679703,10.4322615,34.840,-2.100,-0.24,0.00,0.00,111.22
1723.575,55.3679703,10.4322679,34.810,-2.130,0.00,0.00,0.00,115.44
1723.976,55.3679705,10.4322735,34.770,-2.170,0.06,0.00,0.00,116.21
1724.378,55.3679698,10.4322802,34.900,-2.040,0.14,0.00,0.00,111.98
1724.579,55.3679691,10.4322877,34.870,-2.070,-0.15,0.00,0.00,114.99
1724.961,55.3679686,10.4322948,34.910,-2.030,-0.06,0.00,0.00,116.19
1725.361,55.3679673,10.4323011,34.880,-2.060,0.27,0.00,0.00,117.40
1725.581,55.3679656,10.4323072,34.950,-1.990,-0.14,0.00,0.00,120.00
1725.961,55.3679638,10.4323130,34.840,-2.100,0.01,0.00,0.00,123.43
1726.162,55.3679622,10.4323180,34.810,-2.130,-0.36,0.00,0.00,128.77
1726.562,55.3679606,10.4323227,34.800,-2.140,0.44,0.00,0.00,124.81
1726.962,55.3679592,10.4323282,34.850,-2.090,-0.32,0.00,0.00,127.95
1727.162,55.3679581,10.4323323,34.790,-2.150,0.16,0.00,0.00,133.96
1727.562,55.3679575,10.4323369,34.730,-2.210,-0.17,0.00,0.00,143.20
1727.763,55.3679569,10.4323435,34.760,-2.180,0.28,0.00,0.00,140.28
1728.165,55.3679561,10.4323496,34.720,-2.220,-0.18,0.00,0.00,137.29
1728.565,55.3679557,10.4323551,34.740,-2.200,-0.14,0.00,0.00,135.37
1728.766,55.3679564,10.4323601,34.760,-2.180,0.01,0.00,0.00,137.43
1729.166,55.3679570,10.4323662,34.920,-2.020,0.01,0.00,0.00,129.57
1729.367,55.3679575,10.4323717,34.910,-2.030,-0.15,0.00,0.00,128.90
1729.767,55.3679577,10.4323757,34.890,-2.050,-0.16,0.00,0.00,131.65
1730.169,55.3679578,10.4323802,34.900,-2.040,0.38,0.00,0.00,132.03
1730.369,55.3679572,10.4323858,34.980,-1.960,-0.15,0.00,0.00,130.62
1730.770,55.3679560,10.4323915,34.930,-2.010,0.01,0.00,0.00,133.31
1730.970,55.3679542,10.4323974,34.930,-2.010,-0.20,0.00,0.00,134.55
1731.371,55.3679521,10.4324032,34.940,-2.000,0.26,0.00,0.00,131.77
1731.771,55.3679502,10.4324094,34.920,-2.020,-0.20,0.00,0.00,135.97
1731.972,55.3679483,10.4324158,34.890,-2.050,0.07,0.00,0.00,140.97
1732.373,55.3679463,10.4324220,34.830,-2.110,0.01,0.00,0.00,145.51
1732.573,55.3679436,10.4324282,34.930,-2.010,0.15,0.00,0.00,143.95
1732.975,55.3679414,10.4324343,34.920,-2.020,-0.10,0.00,0.00,157.79
1733.375,55.3679392,10.4324411,34.890,-2.050,-0.15,0.00,0.00,168.76
1733.575,55.3679371,10.4324493,34.840,-2.100,0.21,0.00,0.00,180.13
1733.976,55.3679351,10.4324558,34.880,-2.060,-0.32,0.00,0.00,185.30
1734.196,55.3679327,10.4324609,34.750,-2.190,0.16,0.00,0.00,204.39
1734.577,55.3679288,10.4324649,34.720,-2.220,-0.04,0.00,0.00,214.16
1734.958,55.3679248,10.4324671,34.660,-2.280,0.15,0.00,0.00,190.04
1735.178,55.3679222,10.4324687,34.580,-2.360,-0.24,0.00,0.00,189.43
1735.577,55.3679186,10.4324708,34.500,-2.440,0.02,0.00,0.00,201.89
1735.759,55.3679148,10.4324727,34.430,-2.510,-0.27,0.00,0.00,201.87
1736.179,55.3679106,10.4324751,34.460,-2.480,0.02,0.00,0.00,197.45
1736.580,55.3679062,10.4324783,34.480,-2.460,-0.20,0.00,0.00,194.43
1736.779,55.3679016,10.4324820,34.540,-2.400,0.01,0.00,0.00,197.07
1737.180,55.3678974,10.4324848,34.550,-2.390,-0.06,0.00,0.00,196.11
1737.380,55.3678937,10.4324880,34.630,-2.310,-0.13,0.00,0.00,193.20
1737.781,55.3678897,10.4324916,34.640,-2.300,0.00,0.00,0.00,195.03
1738.181,55.3678861,10.4324945,34.710,-2.230,-0.14,0.00,0.00,197.02
1738.362,55.3678828,10.4324961,34.690,-2.250,0.17,0.00,0.00,196.92
1738.783,55.3678798,10.4324975,34.670,-2.270,-0.23,0.00,0.00,198.80
1738.963,55.3678767,10.4324992,34.540,-2.400,-0.04,0.00,0.00,202.27
1739.364,55.3678737,10.4325003,34.430,-2.510,-0.30,0.00,0.00,204.95
1739.764,55.3678702,10.4325013,34.340,-2.600,0.01,0.00,0.00,201.66
1739.965,55.3678674,10.4325030,34.230,-2.710,-0.54,0.00,0.00,201.24
1740.366,55.3678643,10.4325053,34.100,-2.840,-0.16,0.00,0.00,204.48
1740.566,55.3678611,10.4325073,34.010,-2.930,-0.42,0.00,0.00,207.20
1740.967,55.3678580,10.4325081,33.940,-3.000,-0.23,0.00,0.00,207.43
1741.368,55.3678553,10.4325089,33.840,-3.100,-0.49,0.00,0.00,210.07
1741.568,55.3678522,10.4325107,33.810,-3.130,-0.24,0.00,0.00,213.10
1741.969,55.3678489,10.4325134,33.800,-3.140,-0.26,0.00,0.00,208.99
1742.170,55.3678457,10.4325154,33.880,-3.060,-0.39,0.00,0.00,205.53
1742.571,55.3678428,10.4325174,33.880,-3.060,-0.22,0.00,0.00,203.65
1742.971,55.3678398,10.4325197,33.960,-2.980,-0.28,0.00,0.00,199.54
1743.171,55.3678367,10.4325218,34.000,-2.940,-0.12,0.00,0.00,196.82
1743.571,55.3678341,10.4325233,34.090,-2.850,-0.37,0.00,0.00,194.32
1743.954,55.3678312,10.4325259,34.110,-2.830,-0.15,0.00,0.00,194.19
1744.174,55.3678278,10.4325282,34.140,-2.800,-0.36,0.00,0.00,194.65
1744.555,55.3678243,10.4325299,34.200,-2.740,-0.07,0.00,0.00,194.33
1744.756,55.3678219,10.4325317,34.240,-2.700,-0.46,0.00,0.00,191.66
1745.158,55.3678184,10.4325346,34.270,-2.670,-0.09,0.00,0.00,192.68
1745.359,55.3678143,10.4325369,34.340,-2.600,-0.30,0.00,0.00,194.91
1745.760,55.3678106,10.4325382,34.430,-2.510,0.01,0.00,0.00,192.73
1746.162,55.3678070,10.4325391,34.480,-2.460,-0.28,0.00,0.00,198.89
1746.362,55.3678033,10.4325401,34.520,-2.420,-0.02,0.00,0.00,203.75
1746.762,55.3677994,10.4325411,34.560,-2.380,-0.03,0.00,0.00,203.28
1747.164,55.3677954,10.4325425,34.650,-2.290,-0.13,0.00,0.00,199.14
1747.365,55.3677910,10.4325444,34.690,-2.250,-0.06,0.00,0.00,201.41
1747.766,55.3677870,10.4325455,34.800,-2.140,-0.01,0.00,0.00,210.24
1747.967,55.3677835,10.4325458,34.860,-2.080,0.11,0.00,0.00,208.65
1748.348,55.3677799,10.4325463,34.930,-2.010,-0.08,0.00,0.00,206.78
1748.769,55.3677760,10.4325480,34.940,-2.000,0.11,0.00,0.00,204.05
1748.971,55.3677723,10.4325506,35.010,-1.930,-0.12,0.00,0.00,203.82
1749.351,55.3677682,10.4325524,35.090,-1.850,0.20,0.00,0.00,199.75
1749.572,55.3677646,10.4325540,35.150,-1.790,-0.21,0.00,0.00,195.97
1749.953,55.3677607,10.4325552,35.110,-1.830,0.04,0.00,0.00,196.68
1750.355,55.3677565,10.4325553,35.140,-1.800,-0.02,0.00,0.00,196.57
1750.556,55.3677525,10.4325554,35.250,-1.690,0.23,0.00,0.00,192.87
1750.959,55.3677488,10.4325563,35.280,-1.660,-0.21,0.00,0.00,190.13
1751.159,55.3677441,10.4325576,35.320,-1.620,0.16,0.00,0.00,191.13
1751.580,55.3677397,10.4325582,35.360,-1.580,0.02,0.00,0.00,192.94
1751.962,55.3677357,10.4325583,35.420,-1.520,0.05,0.00,0.00,193.63
1752.163,55.3677316,10.4325580,35.430,-1.510,0.03,0.00,0.00,197.47
1752.566,55.3677278,10.4325572,35.460,-1.480,0.03,0.00,0.00,200.01
1752.766,55.3677238,10.4325569,35.440,-1.500,0.20,0.00,0.00,195.19
1753.169,55.3677199,10.4325574,35.490,-1.450,0.01,0.00,0.00,193.54
1753.550,55.3677159,10.4325582,35.480,-1.460,0.09,0.00,0.00,192.31
1753.751,55.3677120,10.4325591,35.470,-1.470,-0.12,0.00,0.00,196.35
1754.153,55.3677080,10.4325591,35.470,-1.470,0.15,0.00,0.00,197.48
1754.354,55.3677043,10.4325593,35.490,-1.450,-0.21,0.00,0.00,195.96
1754.755,55.3677007,10.4325607,35.460,-1.480,0.12,0.00,0.00,197.03
1755.157,55.3676973,10.4325609,35.430,-1.510,-0.22,0.00,0.00,198.28
1755.358,55.3676933,10.4325605,35.450,-1.490,0.18,0.00,0.00,197.89
1755.759,55.3676892,10.4325610,35.450,-1.490,-0.24,0.00,0.00,202.40
1756.162,55.3676851,10.4325618,35.470,-1.470,0.08,0.00,0.00,206.88
1756.362,55.3676811,10.4325625,35.500,-1.440,-0.02,0.00,0.00,206.46
1756.763,55.3676772,10.4325629,35.530,-1.410,0.06,0.00,0.00,204.11
1756.964,55.3676735,10.4325643,35.500,-1.440,-0.08,0.00,0.00,205.78
1757.366,55.3676696,10.4325655,35.530,-1.410,0.07,0.00,0.00,211.07
1757.767,55.3676658,10.4325660,35.490,-1.450,0.04,0.00,0.00,212.21
1757.949,55.3676620,10.4325658,35.500,-1.440,-0.03,0.00,0.00,211.40
1758.349,55.3676580,10.4325673,35.460,-1.480,-0.04,0.00,0.00,212.53
1758.549,55.3676538,10.4325687,35.480,-1.460,-0.10,0.00,0.00,214.60
1758.950,55.3676499,10.4325683,35.420,-1.520,0.12,0.00,0.00,215.67
1759.351,55.3676463,10.4325674,35.400,-1.540,-0.25,0.00,0.00,210.35
1759.551,55.3676421,10.4325674,35.330,-1.610,0.00,0.00,0.00,207.74
1759.952,55.3676383,10.4325673,35.320,-1.620,-0.28,0.00,0.00,205.40
1760.153,55.3676345,10.4325671,35.300,-1.640,0.02,0.00,0.00,203.35
1760.554,55.3676319,10.4325669,35.250,-1.690,-0.33,0.00,0.00,202.66
1760.955,55.3676291,10.4325677,35.170,-1.770,0.05,0.00,0.00,202.71
1761.155,55.3676261,10.4325678,35.130,-1.810,-0.17,0.00,0.00,203.69
1761.557,55.3676231,10.4325672,35.090,-1.850,0.05,0.00,0.00,199.15
1761.757,55.3676210,10.4325665,35.020,-1.920,-0.33,0.00,0.00,194.26
1762.158,55.3676186,10.4325669,34.900,-2.040,-0.14,0.00,0.00,189.46
1762.560,55.3676156,10.4325687,34.800,-2.140,-0.34,0.00,0.00,181.92
1762.759,55.3676129,10.4325714,34.800,-2.140,-0.18,0.00,0.00,168.61
1763.160,55.3676110,10.4325761,34.790,-2.150,-0.37,0.00,0.00,158.02
1763.361,55.3676089,10.4325814,34.850,-2.090,-0.08,0.00,0.00,155.24
1763.761,55.3676073,10.4325871,34.880,-2.060,-0.16,0.00,0.00,151.69
1764.162,55.3676062,10.4325929,34.930,-2.010,-0.15,0.00,0.00,141.23
1764.364,55.3676056,10.4325994,34.940,-2.000,-0.08,0.00,0.00,137.67
1764.764,55.3676044,10.4326061,35.020,-1.920,-0.11,0.00,0.00,140.24
1764.965,55.3676031,10.4326134,35.040,-1.900,-0.01,0.00,0.00,140.56
1765.365,55.3676019,10.4326210,35.100,-1.840,-0.15,0.00,0.00,135.49
1765.786,55.3676016,10.4326293,35.130,-1.810,0.05,0.00,0.00,137.00
1765.968,55.3676006,10.4326377,35.180,-1.760,-0.23,0.00,0.00,139.02
1766.349,55.3675995,10.4326459,35.200,-1.740,0.08,0.00,0.00,132.99
1766.569,55.3675987,10.4326536,35.220,-1.720,-0.22,0.00,0.00,130.29
1766.970,55.3675986,10.4326613,35.220,-1.720,0.08,0.00,0.00,135.27
1767.391,55.3675981,10.4326678,35.250,-1.690,-0.23,0.00,0.00,142.17
1767.591,55.3675967,10.4326749,35.340,-1.600,0.18,0.00,0.00,138.57
1767.973,55.3675955,10.4326826,35.400,-1.540,-0.10,0.00,0.00,132.62
1768.173,55.3675943,10.4326908,35.480,-1.460,0.14,0.00,0.00,133.97
1768.593,55.3675925,10.4326988,35.560,-1.380,0.01,0.00,0.00,135.62
1768.975,55.3675907,10.4327063,35.650,-1.290,0.18,0.00,0.00,134.22
1769.175,55.3675888,10.4327135,35.680,-1.260,0.00,0.00,0.00,139.44
1769.596,55.3675871,10.4327210,35.750,-1.190,0.24,0.00,0.00,146.85
1769.776,55.3675842,10.4327279,35.760,-1.180,0.00,0.00,0.00,149.25
1770.178,55.3675810,10.4327348,35.740,-1.200,0.08,0.00,0.00,148.96
1770.578,55.3675783,10.4327416,35.700,-1.240,-0.08,0.00,0.00,150.29
1770.778,55.3675749,10.4327479,35.700,-1.240,0.19,0.00,0.00,154.08
1771.161,55.3675708,10.4327531,35.670,-1.270,0.06,0.00,0.00,156.19
1771.562,55.3675670,10.4327571,35.680,-1.260,0.08,0.00,0.00,157.51
1771.781,55.3675632,10.4327614,35.630,-1.310,-0.06,0.00,0.00,158.65
1772.183,55.3675592,10.4327656,35.650,-1.290,0.08,0.00,0.00,159.81
1772.363,55.3675549,10.4327686,35.660,-1.280,0.17,0.00,0.00,159.90
1772.765,55.3675510,10.4327710,35.720,-1.220,0.02,0.00,0.00,159.48
1773.167,55.3675466,10.4327738,35.660,-1.280,-0.01,0.00,0.00,168.86
1773.367,55.3675417,10.4327755,35.660,-1.280,0.03,0.00,0.00,179.18
1773.788,55.3675368,10.4327761,35.640,-1.300,0.21,0.00,0.00,183.72
1773.969,55.3675324,10.4327759,35.660,-1.280,0.00,0.00,0.00,183.19
1774.390,55.3675281,10.4327758,35.590,-1.350,0.00,0.00,0.00,186.34
1774.770,55.3675239,10.4327751,35.600,-1.340,-0.01,0.00,0.00,186.88
1774.991,55.3675194,10.4327732,35.560,-1.380,0.26,0.00,0.00,187.45
1775.372,55.3675158,10.4327710,35.560,-1.380,-0.13,0.00,0.00,186.14
1775.593,55.3675119,10.4327690,35.480,-1.460,0.03,0.00,0.00,189.92
1775.975,55.3675074,10.4327679,35.450,-1.490,-0.08,0.00,0.00,185.02
1776.376,55.3675027,10.4327673,35.460,-1.480,0.27,0.00,0.00,173.34
1776.576,55.3674985,10.4327665,35.510,-1.430,-0.01,0.00,0.00,161.73
1776.977,55.3674944,10.4327659,35.480,-1.460,-0.02,0.00,0.00,168.30
1777.178,55.3674904,10.4327640,35.490,-1.450,-0.09,0.00,0.00,171.40
1777.579,55.3674863,10.4327621,35.520,-1.420,0.05,0.00,0.00,170.52
1777.980,55.3674818,10.4327613,35.520,-1.420,-0.14,0.00,0.00,172.48
1778.181,55.3674769,10.4327608,35.490,-1.450,0.08,0.00,0.00,179.07
1778.581,55.3674724,10.4327596,35.490,-1.450,-0.13,0.00,0.00,183.24
1778.762,55.3674679,10.4327579,35.470,-1.470,0.05,0.00,0.00,184.98
1779.163,55.3674638,10.4327568,35.420,-1.520,-0.14,0.00,0.00,188.54
1779.584,55.3674601,10.4327563,35.380,-1.560,0.10,0.00,0.00,189.00
1779.764,55.3674568,10.4327558,35.340,-1.600,-0.10,0.00,0.00,187.38
1780.185,55.3674536,10.4327549,35.310,-1.630,0.08,0.00,0.00,190.42
1780.366,55.3674506,10.4327544,35.260,-1.680,-0.14,0.00,0.00,190.06
1780.767,55.3674476,10.4327547,35.230,-1.710,0.00,0.00,0.00,192.50
1781.168,55.3674456,10.4327547,35.180,-1.760,-0.08,0.00,0.00,194.16
1781.368,55.3674442,10.4327556,35.140,-1.800,-0.09,0.00,0.00,185.57
1781.768,55.3674429,10.4327584,35.110,-1.830,-0.18,0.00,0.00,177.95
1781.969,55.3674408,10.4327626,35.070,-1.870,-0.05,0.00,0.00,173.78
1782.370,55.3674384,10.4327665,35.030,-1.910,-0.19,0.00,0.00,170.60
1782.770,55.3674355,10.4327706,35.010,-1.930,-0.04,0.00,0.00,164.54
1782.972,55.3674321,10.4327737,34.990,-1.950,-0.29,0.00,0.00,164.53
1783.374,55.3674281,10.4327762,34.990,-1.950,0.04,0.00,0.00,167.02
1783.575,55.3674233,10.4327778,35.010,-1.930,-0.15,0.00,0.00,168.07
1783.976,55.3674189,10.4327790,35.040,-1.900,0.06,0.00,0.00,160.68
1784.377,55.3674150,10.4327801,35.040,-1.900,-0.21,0.00,0.00,156.41
1784.577,55.3674104,10.4327818,35.080,-1.860,0.09,0.00,0.00,155.68
1784.977,55.3674061,10.4327821,35.120,-1.820,0.08,0.00,0.00,157.18
1785.359,55.3674026,10.4327825,35.180,-1.760,0.02,0.00,0.00,154.53
1785.579,55.3673988,10.4327830,35.200,-1.740,-0.12,0.00,0.00,156.79
1785.960,55.3673948,10.4327834,35.230,-1.710,-0.06,0.00,0.00,156.81
1786.181,55.3673908,10.4327839,35.260,-1.680,0.04,0.00,0.00,161.65
1786.562,55.3673871,10.4327830,35.380,-1.560,0.06,0.00,0.00,166.46
1786.964,55.3673834,10.4327820,35.420,-1.520,0.04,0.00,0.00,177.74
1787.166,55.3673796,10.4327807,35.440,-1.500,0.01,0.00,0.00,184.77
1787.587,55.3673759,10.4327786,35.440,-1.500,0.22,0.00,0.00,187.10
1787.767,55.3673728,10.4327766,35.450,-1.490,0.00,0.00,0.00,190.30
1788.169,55.3673693,10.4327749,35.410,-1.530,0.04,0.00,0.00,196.14
1788.571,55.3673662,10.4327728,35.410,-1.530,-0.11,0.00,0.00,196.65
1788.771,55.3673632,10.4327708,35.400,-1.540,0.15,0.00,0.00,193.00
1789.173,55.3673603,10.4327686,35.400,-1.540,-0.07,0.00,0.00,191.41
1789.373,55.3673568,10.4327666,35.350,-1.590,0.00,0.00,0.00,194.53
1789.775,55.3673532,10.4327647,35.320,-1.620,-0.09,0.00,0.00,195.94
1790.176,55.3673494,10.4327626,35.340,-1.600,0.09,0.00,0.00,193.82
1790.377,55.3673458,10.4327606,35.360,-1.580,-0.10,0.00,0.00,197.96
1790.778,55.3673419,10.4327584,35.370,-1.570,0.05,0.00,0.00,204.65
1790.958,55.3673377,10.4327558,35.330,-1.610,-0.13,0.00,0.00,206.45
1791.361,55.3673338,10.4327539,35.330,-1.610,0.05,0.00,0.00,199.02
1791.782,55.3673299,10.4327522,35.310,-1.630,-0.09,0.00,0.00,196.59
1791.963,55.3673255,10.4327499,35.320,-1.620,-0.04,0.00,0.00,195.27
1792.365,55.3673211,10.4327476,35.340,-1.600,0.07,0.00,0.00,193.26
1792.565,55.3673169,10.4327453,35.430,-1.510,-0.04,0.00,0.00,188.16
1792.966,55.3673124,10.4327434,35.450,-1.490,-0.02,0.00,0.00,189.52
1793.367,55.3673081,10.4327415,35.480,-1.460,-0.15,0.00,0.00,190.44
1793.568,55.3673043,10.4327392,35.450,-1.490,0.00,0.00,0.00,181.19
1793.969,55.3673006,10.4327373,35.480,-1.460,-0.07,0.00,0.00,177.00
1794.169,55.3672969,10.4327358,35.460,-1.480,0.00,0.00,0.00,181.70
1794.571,55.3672931,10.4327342,35.490,-1.450,-0.14,0.00,0.00,182.82
1794.972,55.3672891,10.4327324,35.520,-1.420,0.15,0.00,0.00,180.07
1795.173,55.3672853,10.4327309,35.570,-1.370,-0.13,0.00,0.00,180.09
1795.574,55.3672814,10.4327299,35.600,-1.340,0.05,0.00,0.00,182.87
1795.774,55.3672777,10.4327289,35.620,-1.320,-0.13,0.00,0.00,184.58
1796.155,55.3672740,10.4327271,35.630,-1.310,0.11,0.00,0.00,183.08
1796.575,55.3672701,10.4327257,35.610,-1.330,-0.16,0.00,0.00,185.14
1796.756,55.3672663,10.4327248,35.580,-1.360,0.00,0.00,0.00,184.39
1797.157,55.3672626,10.4327238,35.510,-1.430,-0.12,0.00,0.00,184.43
1797.558,55.3672587,10.4327220,35.510,-1.430,0.18,0.00,0.00,186.54
1797.758,55.3672551,10.4327208,35.450,-1.490,-0.20,0.00,0.00,188.52
1798.179,55.3672514,10.4327204,35.390,-1.550,-0.09,0.00,0.00,183.17
1798.361,55.3672475,10.4327199,35.280,-1.660,-0.11,0.00,0.00,176.76
1798.762,55.3672438,10.4327185,35.260,-1.680,-0.10,0.00,0.00,172.59
1799.163,55.3672399,10.4327170,35.190,-1.750,-0.14,0.00,0.00,172.62
1799.363,55.3672358,10.4327157,35.190,-1.750,-0.13,0.00,0.00,173.98
1799.765,55.3672319,10.4327145,35.190,-1.750,0.07,0.00,0.00,172.70
1799.984,55.3672280,10.4327134,35.210,-1.730,-0.27,0.00,0.00,171.58
1800.367,55.3672236,10.4327125,35.180,-1.760,-0.13,0.00,0.00,172.85
1800.767,55.3672190,10.4327118,35.190,-1.750,-0.25,0.00,0.00,174.95
1800.987,55.3672148,10.4327105,35.230,-1.710,0.13,0.00,0.00,176.44
1801.369,55.3672116,10.4327099,35.230,-1.710,-0.23,0.00,0.00,183.86
1801.589,55.3672085,10.4327087,35.160,-1.780,-0.05,0.00,0.00,187.37
1801.970,55.3672048,10.4327064,35.050,-1.890,-0.19,0.00,0.00,186.68
1802.370,55.3672015,10.4327037,35.010,-1.930,-0.01,0.00,0.00,187.30
1802.571,55.3671976,10.4327014,34.930,-2.010,-0.14,0.00,0.00,191.36
1802.971,55.3671934,10.4327003,34.910,-2.030,-0.14,0.00,0.00,191.72
1803.171,55.3671891,10.4326998,34.900,-2.040,-0.06,0.00,0.00,187.91
1803.573,55.3671847,10.4326996,34.950,-1.990,-0.25,0.00,0.00,183.21
1803.973,55.3671800,10.4327004,34.990,-1.950,-0.10,0.00,0.00,181.43
1804.175,55.3671752,10.4327008,35.070,-1.870,-0.20,0.00,0.00,182.75
1804.576,55.3671702,10.4327007,35.150,-1.790,-0.01,0.00,0.00,177.19
1804.776,55.3671655,10.4327008,35.180,-1.760,-0.26,0.00,0.00,175.84
1805.179,55.3671605,10.4327011,35.140,-1.800,-0.07,0.00,0.00,174.26
1805.579,55.3671558,10.4327008,35.100,-1.840,-0.10,0.00,0.00,169.89
1805.779,55.3671519,10.4326991,35.150,-1.790,0.01,0.00,0.00,167.86
1806.181,55.3671483,10.4326977,35.110,-1.830,-0.30,0.00,0.00,168.52
1806.361,55.3671439,10.4326973,35.110,-1.830,-0.05,0.00,0.00,168.09
1806.760,55.3671393,10.4326980,35.110,-1.830,0.02,0.00,0.00,165.87
1807.161,55.3671350,10.4326989,35.200,-1.740,-0.12,0.00,0.00,165.80
1807.361,55.3671306,10.4327003,35.170,-1.770,-0.17,0.00,0.00,161.21
1807.781,55.3671264,10.4327010,35.190,-1.750,-0.29,0.00,0.00,156.88
1807.981,55.3671221,10.4327014,35.240,-1.700,0.23,0.00,0.00,155.42
1808.362,55.3671181,10.4327012,35.330,-1.610,-0.27,0.00,0.00,156.82
1808.763,55.3671140,10.4327015,35.320,-1.620,0.02,0.00,0.00,158.33
1808.964,55.3671098,10.4327020,35.360,-1.580,-0.06,0.00,0.00,155.12
1809.365,55.3671054,10.4327025,35.450,-1.490,0.16,0.00,0.00,153.66
1809.566,55.3671010,10.4327033,35.490,-1.450,-0.16,0.00,0.00,158.51
1809.967,55.3670966,10.4327048,35.540,-1.400,0.11,0.00,0.00,160.73
1810.367,55.3670922,10.4327058,35.600,-1.340,0.20,0.00,0.00,163.40
1810.568,55.3670881,10.4327068,35.700,-1.240,0.05,0.00,0.00,164.29
1810.968,55.3670840,10.4327079,35.690,-1.250,0.00,0.00,0.00,168.02
1811.168,55.3670798,10.4327087,35.720,-1.220,0.00,0.00,0.00,169.25
1811.569,55.3670756,10.4327087,35.710,-1.230,0.15,0.00,0.00,164.57
1811.970,55.3670719,10.4327084,35.730,-1.210,-0.04,0.00,0.00,162.51
1812.171,55.3670679,10.4327085,35.720,-1.220,0.08,0.00,0.00,162.54
1812.572,55.3670638,10.4327085,35.740,-1.200,-0.09,0.00,0.00,164.82
1812.771,55.3670597,10.4327090,35.770,-1.170,0.13,0.00,0.00,160.09
1813.173,55.3670559,10.4327101,35.770,-1.170,-0.27,0.00,0.00,162.70
1813.574,55.3670518,10.4327108,35.720,-1.220,-0.02,0.00,0.00,165.24
1813.774,55.3670480,10.4327101,35.670,-1.270,-0.05,0.00,0.00,170.10
1814.176,55.3670444,10.4327095,35.700,-1.240,0.22,0.00,0.00,170.75
1814.356,55.3670410,10.4327101,35.680,-1.260,-0.17,0.00,0.00,164.29
1814.777,55.3670376,10.4327108,35.660,-1.280,-0.01,0.00,0.00,158.11
1815.158,55.3670345,10.4327110,35.630,-1.310,0.10,0.00,0.00,155.72
1815.358,55.3670311,10.4327106,35.600,-1.340,-0.09,0.00,0.00,154.76
1815.760,55.3670279,10.4327109,35.520,-1.420,-0.02,0.00,0.00,154.57
1815.979,55.3670243,10.4327111,35.480,-1.460,-0.17,0.00,0.00,156.86
1816.380,55.3670205,10.4327102,35.420,-1.520,0.00,0.00,0.00,154.09
1816.761,55.3670173,10.4327096,35.390,-1.550,-0.29,0.00,0.00,154.21
1816.962,55.3670136,10.4327095,35.290,-1.650,-0.07,0.00,0.00,158.32
1817.364,55.3670100,10.4327085,35.230,-1.710,-0.22,0.00,0.00,161.98
1817.765,55.3670063,10.4327071,35.230,-1.710,0.01,0.00,0.00,158.77
1817.965,55.3670035,10.4327057,35.180,-1.760,-0.31,0.00,0.00,158.75
1818.385,55.3670003,10.4327053,35.120,-1.820,-0.07,0.00,0.00,156.84
1818.566,55.3669969,10.4327055,35.060,-1.880,-0.14,0.00,0.00,162.37
1818.967,55.3669938,10.4327050,35.030,-1.910,-0.14,0.00,0.00,163.31
1819.368,55.3669906,10.4327044,34.960,-1.980,-0.27,0.00,0.00,164.36
1819.569,55.3669867,10.4327062,34.950,-1.990,-0.27,0.00,0.00,157.71
1819.969,55.3669827,10.4327082,34.960,-1.980,-0.14,0.00,0.00,151.58
1820.169,55.3669790,10.4327101,35.000,-1.940,-0.33,0.00,0.00,148.99
1820.570,55.3669751,10.4327121,35.020,-1.920,-0.05,0.00,0.00,151.88
1820.972,55.3669707,10.4327133,35.060,-1.880,-0.23,0.00,0.00,155.10
1821.172,55.3669663,10.4327141,35.110,-1.830,-0.04,0.00,0.00,151.13
1821.572,55.3669625,10.4327138,35.090,-1.850,-0.25,0.00,0.00,154.83
1821.773,55.3669582,10.4327136,35.080,-1.860,-0.08,0.00,0.00,157.67
1822.173,55.3669533,10.4327129,35.100,-1.840,0.00,0.00,0.00,159.80
1822.574,55.3669484,10.4327114,35.190,-1.750,-0.04,0.00,0.00,159.42
1822.776,55.3669437,10.4327101,35.200,-1.740,-0.09,0.00,0.00,158.22
1823.157,55.3669390,10.4327094,35.240,-1.700,-0.15,0.00,0.00,159.21
1823.357,55.3669339,10.4327086,35.270,-1.670,0.00,0.00,0.00,158.35
1823.758,55.3669292,10.4327068,35.310,-1.630,-0.20,0.00,0.00,164.92
1824.159,55.3669244,10.4327063,35.310,-1.630,-0.02,0.00,0.00,166.88
1824.360,55.3669196,10.4327052,35.320,-1.620,-0.18,0.00,0.00,166.44
1824.762,55.3669146,10.4327033,35.360,-1.580,0.05,0.00,0.00,162.51
1824.962,55.3669100,10.4327015,35.370,-1.570,-0.20,0.00,0.00,163.80
1825.364,55.3669049,10.4327009,35.360,-1.580,-0.06,0.00,0.00,164.57
1825.766,55.3669001,10.4326998,35.350,-1.590,-0.05,0.00,0.00,168.11
1825.967,55.3668952,10.4326983,35.390,-1.550,0.08,0.00,0.00,169.93
1826.369,55.3668907,10.4326969,35.390,-1.550,-0.10,0.00,0.00,173.07
1826.569,55.3668862,10.4326949,35.410,-1.530,0.01,0.00,0.00,179.26
1826.971,55.3668814,10.4326925,35.390,-1.550,0.06,0.00,0.00,180.68
1827.352,55.3668768,10.4326903,35.430,-1.510,-0.01,0.00,0.00,181.72
1827.573,55.3668721,10.4326897,35.390,-1.550,-0.10,0.00,0.00,180.04
1827.974,55.3668671,10.4326886,35.400,-1.540,-0.16,0.00,0.00,181.94
1828.175,55.3668620,10.4326871,35.410,-1.530,0.09,0.00,0.00,181.22
1828.575,55.3668579,10.4326855,35.450,-1.490,-0.18,0.00,0.00,180.64
1828.977,55.3668536,10.4326853,35.450,-1.490,-0.02,0.00,0.00,179.90
1829.178,55.3668489,10.4326839,35.440,-1.500,-0.10,0.00,0.00,182.35
1829.579,55.3668440,10.4326820,35.430,-1.510,0.03,0.00,0.00,179.89
1829.960,55.3668397,10.4326811,35.410,-1.530,-0.11,0.00,0.00,181.30
1830.161,55.3668357,10.4326809,35.390,-1.550,0.00,0.00,0.00,183.29
1830.563,55.3668316,10.4326797,35.340,-1.600,-0.05,0.00,0.00,187.61
1830.763,55.3668276,10.4326782,35.370,-1.570,-0.07,0.00,0.00,187.06
1831.165,55.3668236,10.4326765,35.360,-1.580,-0.07,0.00,0.00,188.23
1831.585,55.3668196,10.4326748,35.400,-1.540,-0.20,0.00,0.00,189.35
1831.767,55.3668150,10.4326734,35.440,-1.500,0.06,0.00,0.00,187.12
1832.167,55.3668104,10.4326717,35.540,-1.400,-0.12,0.00,0.00,190.30
1832.368,55.3668054,10.4326705,35.650,-1.290,0.14,0.00,0.00,194.17
1832.769,55.3668004,10.4326687,35.750,-1.190,-0.08,0.00,0.00,195.81
1833.170,55.3667957,10.4326648,35.850,-1.090,0.24,0.00,0.00,197.44
1833.370,55.3667919,10.4326615,35.950,-0.990,-0.01,0.00,0.00,204.49
1833.771,55.3667885,10.4326568,35.980,-0.960,0.15,0.00,0.00,206.33
1833.971,55.3667854,10.4326509,35.990,-0.950,0.08,0.00,0.00,208.74
1834.371,55.3667830,10.4326439,36.000,-0.940,0.18,0.00,0.00,212.43
1834.773,55.3667812,10.4326367,35.960,-0.980,-0.04,0.00,0.00,214.57
1834.974,55.3667790,10.4326294,35.950,-0.990,0.01,0.00,0.00,220.29
1835.376,55.3667770,10.4326233,35.970,-0.970,0.08,0.00,0.00,218.82
1835.576,55.3667752,10.4326185,36.020,-0.920,-0.06,0.00,0.00,215.25
1835.976,55.3667730,10.4326133,36.020,-0.920,0.02,0.00,0.00,219.75
1836.377,55.3667712,10.4326080,36.110,-0.830,-0.04,0.00,0.00,221.98
1836.578,55.3667700,10.4326021,36.220,-0.720,0.15,0.00,0.00,221.51
1836.980,55.3667688,10.4325959,36.260,-0.680,-0.02,0.00,0.00,224.07
1837.362,55.3667667,10.4325897,36.220,-0.720,0.16,0.00,0.00,227.96
1837.581,55.3667647,10.4325830,36.190,-0.750,0.00,0.00,0.00,229.55
1837.962,55.3667626,10.4325759,36.170,-0.770,0.14,0.00,0.00,227.79
1838.164,55.3667604,10.4325691,36.110,-0.830,-0.07,0.00,0.00,235.45
1838.566,55.3667588,10.4325623,36.070,-0.870,0.01,0.00,0.00,238.81
1838.967,55.3667574,10.4325552,36.030,-0.910,0.08,0.00,0.00,237.92
1839.168,55.3667563,10.4325478,36.040,-0.900,-0.01,0.00,0.00,240.47
1839.588,55.3667561,10.4325401,36.010,-0.930,-0.01,0.00,0.00,241.37
1839.769,55.3667563,10.4325332,36.030,-0.910,-0.08,0.00,0.00,239.63
1840.170,55.3667561,10.4325258,36.030,-0.910,0.05,0.00,0.00,238.72
1840.571,55.3667553,10.4325189,36.040,-0.900,-0.11,0.00,0.00,237.58
1840.771,55.3667538,10.4325118,36.020,-0.920,0.09,0.00,0.00,239.03
1841.173,55.3667536,10.4325049,36.060,-0.880,-0.01,0.00,0.00,240.14
1841.373,55.3667530,10.4324980,36.100,-0.840,0.19,0.00,0.00,240.11
1841.793,55.3667519,10.4324909,36.110,-0.830,-0.06,0.00,0.00,248.17
1842.175,55.3667521,10.4324842,36.140,-0.800,0.05,0.00,0.00,255.07
1842.375,55.3667516,10.4324779,36.150,-0.790,0.16,0.00,0.00,257.70
1842.776,55.3667507,10.4324730,36.180,-0.760,-0.02,0.00,0.00,249.94
1842.976,55.3667500,10.4324684,36.170,-0.770,0.09,0.00,0.00,247.88
1843.378,55.3667489,10.4324643,36.170,-0.770,-0.06,0.00,0.00,246.96
1843.778,55.3667477,10.4324604,36.150,-0.790,0.14,0.00,0.00,237.51
1843.979,55.3667455,10.4324583,36.130,-0.810,-0.13,0.00,0.00,228.83
1844.381,55.3667430,10.4324566,36.130,-0.810,0.05,0.00,0.00,220.38
1844.580,55.3667414,10.4324541,36.170,-0.770,0.03,0.00,0.00,217.94
1844.981,55.3667403,10.4324515,36.300,-0.640,0.19,0.00,0.00,207.71
1845.382,55.3667388,10.4324499,36.390,-0.550,0.16,0.00,0.00,202.39
1845.583,55.3667371,10.4324496,36.460,-0.480,0.12,0.00,0.00,194.73
1845.984,55.3667347,10.4324501,36.450,-0.490,0.18,0.00,0.00,192.27
1846.186,55.3667320,10.4324508,36.450,-0.490,0.03,0.00,0.00,186.10
1846.587,55.3667290,10.4324524,36.400,-0.540,0.04,0.00,0.00,189.32
1846.987,55.3667269,10.4324532,36.430,-0.510,0.13,0.00,0.00,191.31
1847.168,55.3667259,10.4324556,36.420,-0.520,0.23,0.00,0.00,187.67
1847.569,55.3667251,10.4324586,36.440,-0.500,0.01,0.00,0.00,187.58
1847.770,55.3667237,10.4324615,36.410,-0.530,0.04,0.00,0.00,190.07
1848.171,55.3667229,10.4324631,36.350,-0.590,-0.15,0.00,0.00,191.44
1848.572,55.3667221,10.4324653,36.320,-0.620,0.14,0.00,0.00,185.41
1848.772,55.3667202,10.4324673,36.280,-0.660,-0.15,0.00,0.00,178.95
1849.173,55.3667174,10.4324684,36.230,-0.710,0.09,0.00,0.00,174.72
1849.374,55.3667150,10.4324690,36.190,-0.750,0.00,0.00,0.00,175.73
1849.774,55.3667128,10.4324699,36.130,-0.810,0.08,0.00,0.00,167.33
1850.175,55.3667102,10.4324714,36.000,-0.940,-0.16,0.00,0.00,167.67
1850.376,55.3667066,10.4324722,35.830,-1.110,0.00,0.00,0.00,170.34
1850.777,55.3667023,10.4324703,35.660,-1.280,-0.11,0.00,0.00,170.05
1850.957,55.3666973,10.4324667,35.510,-1.430,-0.20,0.00,0.00,164.54
1851.379,55.3666919,10.4324620,35.320,-1.620,-0.37,0.00,0.00,174.04
1851.780,55.3666864,10.4324558,35.240,-1.700,-0.27,0.00,0.00,183.35
1851.960,55.3666818,10.4324479,35.250,-1.690,-0.17,0.00,0.00,188.15
1852.381,55.3666779,10.4324405,35.310,-1.630,-0.25,0.00,0.00,193.02
1852.581,55.3666736,10.4324341,35.310,-1.630,-0.32,0.00,0.00,197.05
1852.981,55.3666694,10.4324274,35.340,-1.600,-0.18,0.00,0.00,203.19
1853.382,55.3666656,10.4324196,35.370,-1.570,-0.18,0.00,0.00,211.77
1853.582,55.3666619,10.4324111,35.370,-1.570,-0.22,0.00,0.00,219.73
1853.983,55.3666584,10.4324030,35.360,-1.580,-0.19,0.00,0.00,228.43
1854.185,55.3666559,10.4323953,35.380,-1.560,-0.25,0.00,0.00,230.31
1854.567,55.3666540,10.4323870,35.420,-1.520,0.00,0.00,0.00,227.00
1854.987,55.3666516,10.4323793,35.400,-1.540,-0.31,0.00,0.00,227.91
1855.169,55.3666486,10.4323721,35.330,-1.610,-0.15,0.00,0.00,226.71
1855.569,55.3666463,10.4323650,35.300,-1.640,-0.14,0.00,0.00,229.43
1855.969,55.3666440,10.4323573,35.320,-1.620,-0.14,0.00,0.00,227.06
1856.170,55.3666416,10.4323496,35.320,-1.620,-0.23,0.00,0.00,228.07
1856.573,55.3666400,10.4323414,35.350,-1.590,-0.23,0.00,0.00,226.70
1856.773,55.3666384,10.4323332,35.380,-1.560,-0.02,0.00,0.00,225.19
1857.174,55.3666371,10.4323254,35.440,-1.500,-0.24,0.00,0.00,221.83
1857.575,55.3666359,10.4323178,35.460,-1.480,-0.03,0.00,0.00,224.26
1857.775,55.3666356,10.4323096,35.520,-1.420,-0.21,0.00,0.00,227.09
1858.175,55.3666359,10.4323010,35.590,-1.350,0.05,0.00,0.00,230.82
1858.376,55.3666367,10.4322938,35.650,-1.290,-0.13,0.00,0.00,239.60
1858.776,55.3666368,10.4322870,35.670,-1.270,0.12,0.00,0.00,243.78
1859.177,55.3666370,10.4322798,35.680,-1.260,-0.08,0.00,0.00,252.95
1859.378,55.3666372,10.4322721,35.740,-1.200,0.07,0.00,0.00,254.88
1859.778,55.3666371,10.4322654,35.740,-1.200,-0.03,0.00,0.00,257.50
1859.979,55.3666368,10.4322589,35.780,-1.160,-0.02,0.00,0.00,256.73
1860.360,55.3666363,10.4322513,35.760,-1.180,0.10,0.00,0.00,259.78
1860.761,55.3666360,10.4322442,35.770,-1.170,-0.07,0.00,0.00,259.36
1860.961,55.3666346,10.4322371,35.750,-1.190,0.06,0.00,0.00,259.32
1861.364,55.3666327,10.4322300,35.760,-1.180,-0.20,0.00,0.00,254.57
1861.564,55.3666312,10.4322227,35.730,-1.210,0.05,0.00,0.00,247.21
1861.966,55.3666300,10.4322161,35.720,-1.220,-0.23,0.00,0.00,245.12
1862.368,55.3666281,10.4322096,35.700,-1.240,0.06,0.00,0.00,243.77
1862.568,55.3666267,10.4322021,35.700,-1.240,-0.04,0.00,0.00,246.77
1862.970,55.3666268,10.4321941,35.770,-1.170,0.11,0.00,0.00,243.82
1863.169,55.3666265,10.4321867,35.800,-1.140,-0.12,0.00,0.00,245.91
1863.572,55.3666253,10.4321791,35.820,-1.120,0.06,0.00,0.00,245.83
1863.973,55.3666240,10.4321716,35.820,-1.120,0.08,0.00,0.00,241.89
1864.174,55.3666234,10.4321641,35.830,-1.110,-0.07,0.00,0.00,239.22
1864.576,55.3666227,10.4321572,35.760,-1.180,0.00,0.00,0.00,239.98
1864.777,55.3666217,10.4321503,35.730,-1.210,-0.15,0.00,0.00,238.29
1865.178,55.3666206,10.4321431,35.710,-1.230,0.07,0.00,0.00,232.86
1865.579,55.3666198,10.4321358,35.700,-1.240,-0.18,0.00,0.00,235.97
1865.760,55.3666187,10.4321284,35.700,-1.240,0.00,0.00,0.00,241.16
1866.162,55.3666179,10.4321206,35.710,-1.230,-0.06,0.00,0.00,241.95
1866.565,55.3666175,10.4321132,35.750,-1.190,0.00,0.00,0.00,239.74
1866.766,55.3666168,10.4321059,35.730,-1.210,-0.09,0.00,0.00,240.14
1867.167,55.3666163,10.4320982,35.720,-1.220,-0.12,0.00,0.00,236.76
1867.367,55.3666156,10.4320901,35.690,-1.250,0.11,0.00,0.00,233.43
1867.768,55.3666151,10.4320824,35.700,-1.240,-0.18,0.00,0.00,234.00
1868.168,55.3666140,10.4320748,35.690,-1.250,0.02,0.00,0.00,237.68
1868.368,55.3666131,10.4320671,35.710,-1.230,-0.16,0.00,0.00,238.75
1868.770,55.3666125,10.4320598,35.720,-1.220,0.07,0.00,0.00,234.09
1868.971,55.3666116,10.4320525,35.720,-1.220,-0.18,0.00,0.00,233.62
1869.371,55.3666104,10.4320449,35.690,-1.250,0.01,0.00,0.00,237.67
1869.753,55.3666095,10.4320368,35.680,-1.260,0.00,0.00,0.00,241.66
1869.973,55.3666094,10.4320290,35.710,-1.230,-0.07,0.00,0.00,243.22
1870.376,55.3666094,10.4320213,35.720,-1.220,0.04,0.00,0.00,251.85
1870.577,55.3666094,10.4320138,35.740,-1.200,-0.18,0.00,0.00,256.59
1870.978,55.3666105,10.4320058,35.750,-1.190,0.06,0.00,0.00,256.15
1871.359,55.3666115,10.4319982,35.730,-1.210,-0.20,0.00,0.00,258.15
1871.579,55.3666134,10.4319914,35.680,-1.260,0.04,0.00,0.00,262.30
1871.961,55.3666148,10.4319846,35.650,-1.290,-0.14,0.00,0.00,260.77
1872.163,55.3666165,10.4319773,35.660,-1.280,0.11,0.00,0.00,255.64
1872.563,55.3666176,10.4319700,35.630,-1.310,-0.15,0.00,0.00,256.34
1872.965,55.3666184,10.4319631,35.640,-1.300,0.02,0.00,0.00,251.87
1873.166,55.3666188,10.4319560,35.620,-1.320,0.00,0.00,0.00,247.88
1873.586,55.3666192,10.4319495,35.650,-1.290,-0.07,0.00,0.00,241.00
1873.767,55.3666206,10.4319426,35.620,-1.320,-0.10,0.00,0.00,247.28
1874.167,55.3666224,10.4319353,35.640,-1.300,-0.17,0.00,0.00,251.47
1874.568,55.3666244,10.4319278,35.640,-1.300,-0.06,0.00,0.00,250.91
1874.768,55.3666258,10.4319209,35.630,-1.310,-0.27,0.00,0.00,259.39
1875.169,55.3666269,10.4319143,35.580,-1.360,-0.01,0.00,0.00,267.32
1875.370,55.3666286,10.4319081,35.570,-1.370,-0.13,0.00,0.00,276.92
1875.770,55.3666303,10.4319020,35.550,-1.390,0.03,0.00,0.00,284.36
1876.172,55.3666315,10.4318959,35.470,-1.470,-0.34,0.00,0.00,292.88
1876.372,55.3666325,10.4318904,35.360,-1.580,-0.07,0.00,0.00,295.94
1876.772,55.3666338,10.4318852,35.270,-1.670,-0.22,0.00,0.00,293.60
1876.973,55.3666356,10.4318809,35.220,-1.720,-0.04,0.00,0.00,289.50
1877.374,55.3666368,10.4318763,35.110,-1.830,-0.29,0.00,0.00,296.13
1877.774,55.3666379,10.4318718,34.990,-1.950,-0.27,0.00,0.00,299.95
1877.955,55.3666405,10.4318677,34.870,-2.070,-0.20,0.00,0.00,301.29
1878.376,55.3666437,10.4318640,34.870,-2.070,-0.30,0.00,0.00,303.77
1878.576,55.3666467,10.4318601,34.830,-2.110,-0.28,0.00,0.00,309.12
1878.956,55.3666503,10.4318567,34.820,-2.120,-0.38,0.00,0.00,310.36
1879.356,55.3666542,10.4318538,34.850,-2.090,-0.07,0.00,0.00,305.51
1879.576,55.3666576,10.4318504,34.880,-2.060,-0.38,0.00,0.00,309.35
1879.977,55.3666597,10.4318472,34.840,-2.100,-0.20,0.00,0.00,310.33
1880.359,55.3666608,10.4318444,34.770,-2.170,-0.27,0.00,0.00,306.52
1880.559,55.3666631,10.4318415,34.800,-2.140,-0.15,0.00,0.00,299.84
1880.960,55.3666645,10.4318378,34.780,-2.160,-0.37,0.00,0.00,301.88
1881.159,55.3666654,10.4318339,34.770,-2.170,-0.33,0.00,0.00,301.90
1881.562,55.3666674,10.4318296,34.780,-2.160,-0.09,0.00,0.00,299.91
1881.962,55.3666706,10.4318256,34.880,-2.060,-0.32,0.00,0.00,296.02
1882.162,55.3666740,10.4318218,34.900,-2.040,-0.20,0.00,0.00,299.77
1882.583,55.3666766,10.4318183,34.890,-2.050,-0.34,0.00,0.00,306.70
1882.763,55.3666780,10.4318149,34.780,-2.160,-0.13,0.00,0.00,306.04
1883.163,55.3666788,10.4318105,34.660,-2.280,-0.43,0.00,0.00,313.65
1883.364,55.3666797,10.4318051,34.570,-2.370,-0.28,0.00,0.00,315.28
1883.783,55.3666791,10.4317992,34.420,-2.520,-0.40,0.00,0.00,310.50
1884.165,55.3666792,10.4317931,34.370,-2.570,-0.30,0.00,0.00,301.20
1884.366,55.3666815,10.4317864,34.360,-2.580,-0.45,0.00,0.00,305.90
1884.767,55.3666839,10.4317798,34.410,-2.530,-0.35,0.00,0.00,306.27
1885.167,55.3666871,10.4317727,34.460,-2.480,-0.19,0.00,0.00,300.71
1885.367,55.3666907,10.4317654,34.520,-2.420,-0.48,0.00,0.00,291.93
1885.767,55.3666941,10.4317579,34.520,-2.420,-0.13,0.00,0.00,287.40
1885.967,55.3666972,10.4317508,34.540,-2.400,-0.36,0.00,0.00,284.22
1886.367,55.3667001,10.4317441,34.610,-2.330,-0.11,0.00,0.00,275.22
1886.768,55.3667021,10.4317374,34.670,-2.270,-0.33,0.00,0.00,271.24
1886.968,55.3667044,10.4317298,34.780,-2.160,-0.08,0.00,0.00,269.20
1887.368,55.3667063,10.4317224,34.900,-2.040,-0.02,0.00,0.00,267.77
1887.569,55.3667076,10.4317146,35.050,-1.890,-0.14,0.00,0.00,266.60
1887.969,55.3667081,10.4317065,35.140,-1.800,-0.03,0.00,0.00,267.23
1888.369,55.3667092,10.4316986,35.220,-1.720,-0.19,0.00,0.00,268.74
1888.590,55.3667116,10.4316906,35.290,-1.650,0.15,0.00,0.00,270.94
1888.992,55.3667153,10.4316830,35.430,-1.510,-0.12,0.00,0.00,276.14
1889.193,55.3667185,10.4316753,35.540,-1.400,0.11,0.00,0.00,279.21
1889.594,55.3667209,10.4316681,35.590,-1.350,-0.10,0.00,0.00,279.69
1889.975,55.3667226,10.4316609,35.630,-1.310,0.23,0.00,0.00,276.39
1890.175,55.3667238,10.4316537,35.640,-1.300,-0.06,0.00,0.00,277.74
1890.575,55.3667247,10.4316463,35.670,-1.270,0.16,0.00,0.00,278.91
1890.775,55.3667261,10.4316394,35.680,-1.260,0.07,0.00,0.00,276.37
1891.175,55.3667276,10.4316332,35.760,-1.180,0.11,0.00,0.00,271.41
1891.576,55.3667280,10.4316267,35.730,-1.210,-0.04,0.00,0.00,271.25
1891.776,55.3667295,10.4316199,35.730,-1.210,-0.02,0.00,0.00,269.31
1892.177,55.3667317,10.4316131,35.770,-1.170,0.20,0.00,0.00,270.72
1892.358,55.3667336,10.4316067,35.820,-1.120,-0.17,0.00,0.00,273.83
1892.778,55.3667355,10.4315998,35.810,-1.130,0.04,0.00,0.00,277.41
1893.179,55.3667368,10.4315932,35.800,-1.140,-0.13,0.00,0.00,281.31
1893.379,55.3667377,10.4315877,35.780,-1.160,0.13,0.00,0.00,279.44
1893.779,55.3667388,10.4315818,35.750,-1.190,-0.13,0.00,0.00,282.40
1893.980,55.3667402,10.4315758,35.730,-1.210,0.06,0.00,0.00,287.18
1894.381,55.3667424,10.4315704,35.680,-1.260,0.02,0.00,0.0