#time_boot,lat,lon,alt,relative_alt,vx,vy,vz,heading
505.187,0.0000000,0.0000000,0.340,0.340,0.02,0.00,0.00,185.09
505.509,0.0000000,0.0000000,0.370,0.370,0.03,0.00,0.00,185.08
505.831,0.0000000,0.0000000,0.380,0.380,0.03,0.00,0.00,185.06
506.152,0.0000000,0.0000000,0.400,0.400,0.03,0.00,0.00,185.05
506.473,0.0000000,0.0000000,0.410,0.410,0.03,0.00,0.00,185.03
506.794,0.0000000,0.0000000,0.420,0.420,0.03,0.00,0.00,185.01
507.115,0.0000000,0.0000000,0.440,0.440,0.04,0.00,0.00,185.00
507.436,0.0000000,0.0000000,0.450,0.450,0.04,0.00,0.00,184.99
507.755,0.0000000,0.0000000,0.450,0.450,0.03,0.00,0.00,184.98
508.076,0.0000000,0.0000000,0.440,0.440,0.03,0.00,0.00,184.96
508.396,0.0000000,0.0000000,0.440,0.440,0.03,0.00,0.00,184.96
508.716,0.0000000,0.0000000,0.440,0.440,0.03,0.00,0.00,184.95
509.035,0.0000000,0.0000000,0.450,0.450,0.03,0.00,0.00,184.93
509.356,0.0000000,0.0000000,0.460,0.460,0.04,0.00,0.00,183.65
509.676,0.0000000,0.0000000,0.470,0.470,0.04,0.00,0.00,184.87
509.996,0.0000000,0.0000000,0.470,0.470,0.02,0.00,0.00,184.72
510.316,0.0000000,0.0000000,0.500,0.500,0.14,0.00,0.00,184.16
510.637,0.0000000,0.0000000,0.570,0.570,0.30,0.00,0.00,179.62
510.957,0.0000000,0.0000000,0.680,0.680,0.35,0.00,0.00,177.92
511.280,0.0000000,0.0000000,0.740,0.740,0.01,0.00,0.00,174.39
511.601,0.0000000,0.0000000,0.710,0.710,-0.19,0.00,0.00,178.65
511.921,0.0000000,0.0000000,0.640,0.640,-0.19,0.00,0.00,180.39
512.243,0.0000000,0.0000000,0.600,0.600,-0.14,0.00,0.00,180.61
512.567,0.0000000,0.0000000,0.570,0.570,-0.05,0.00,0.00,180.30
512.888,0.0000000,0.0000000,0.550,0.550,-0.12,0.00,0.00,176.85
513.210,0.0000000,0.0000000,0.520,0.520,0.03,0.00,0.00,177.55
513.535,0.0000000,0.0000000,0.520,0.520,-0.01,0.00,0.00,178.22
513.855,0.0000000,0.0000000,0.520,0.520,0.02,0.00,0.00,177.76
514.177,0.0000000,0.0000000,0.530,0.530,0.02,0.00,0.00,177.78
514.497,0.0000000,0.0000000,0.540,0.540,0.02,0.00,0.00,177.83
514.818,0.0000000,0.0000000,0.550,0.550,0.02,0.00,0.00,177.85
515.139,0.0000000,0.0000000,0.550,0.550,0.02,0.00,0.00,177.65
515.460,0.0000000,0.0000000,0.550,0.550,0.02,0.00,0.00,177.10
515.782,0.0000000,0.0000000,0.550,0.550,0.02,0.00,0.00,176.58
516.104,0.0000000,0.0000000,0.540,0.540,0.00,0.00,0.00,177.57
516.425,0.0000000,0.0000000,0.540,0.540,0.00,0.00,0.00,177.97
516.747,0.0000000,0.0000000,0.530,0.530,0.00,0.00,0.00,177.05
517.067,0.0000000,0.0000000,0.520,0.520,0.00,0.00,0.00,177.08
517.388,0.0000000,0.0000000,0.500,0.500,-0.01,0.00,0.00,177.11
517.710,0.0000000,0.0000000,0.490,0.490,-0.01,0.00,0.00,177.13
518.032,0.0000000,0.0000000,0.480,0.480,-0.01,0.00,0.00,177.16
518.354,0.0000000,0.0000000,0.470,0.470,-0.01,0.00,0.00,177.18
518.674,0.0000000,0.0000000,0.460,0.460,-0.01,0.00,0.00,177.20
518.996,0.0000000,0.0000000,0.450,0.450,-0.01,0.00,0.00,177.22
519.316,0.0000000,0.0000000,0.450,0.450,-0.01,0.00,0.00,177.24
519.636,0.0000000,0.0000000,0.450,0.450,-0.01,0.00,0.00,177.26
519.957,0.0000000,0.0000000,0.450,0.450,-0.01,0.00,0.00,177.28
520.278,0.0000000,0.0000000,0.450,0.450,-0.01,0.00,0.00,177.30
520.599,0.0000000,0.0000000,0.450,0.450,-0.01,0.00,0.00,177.33
520.921,0.0000000,0.0000000,0.450,0.450,-0.01,0.00,0.00,177.35
521.242,0.0000000,0.0000000,0.460,0.460,0.00,0.00,0.00,177.36
521.564,0.0000000,0.0000000,0.470,0.470,0.00,0.00,0.00,177.38
521.885,0.0000000,0.0000000,0.480,0.480,0.00,0.00,0.00,177.40
522.205,0.0000000,0.0000000,0.480,0.480,0.00,0.00,0.00,177.41
522.528,0.0000000,0.0000000,0.470,0.470,0.00,0.00,0.00,177.43
522.848,0.0000000,0.0000000,0.470,0.470,0.00,0.00,0.00,177.44
523.168,0.0000000,0.0000000,0.480,0.480,0.00,0.00,0.00,177.46
523.489,0.0000000,0.0000000,0.480,0.480,0.00,0.00,0.00,177.49
523.810,0.0000000,0.0000000,0.490,0.490,0.00,0.00,0.00,177.52
524.132,0.0000000,0.0000000,0.490,0.490,0.00,0.00,0.00,177.55
524.452,0.0000000,0.0000000,0.500,0.500,0.00,0.00,0.00,177.57
524.774,0.0000000,0.0000000,0.490,0.490,0.00,0.00,0.00,177.58
525.095,0.0000000,0.0000000,0.490,0.490,0.01,0.00,0.00,177.59
525.415,0.0000000,0.0000000,0.500,0.500,0.01,0.00,0.00,177.61
525.737,0.0000000,0.0000000,0.510,0.510,0.02,0.00,0.00,17
418.888,0.0000000,0.0000000,0.340,0.340,0.05,0.00,0.00,186.08
419.208,0.0000000,0.0000000,0.340,0.340,0.05,0.00,0.00,186.08
419.528,0.0000000,0.0000000,0.340,0.340,0.05,0.00,0.00,186.07
419.848,0.0000000,0.0000000,0.350,0.350,0.05,0.00,0.00,186.06
420.168,0.0000000,0.0000000,0.350,0.350,0.05,0.00,0.00,186.05
420.489,0.0000000,0.0000000,0.360,0.360,0.04,0.00,0.00,186.03
420.811,0.0000000,0.0000000,0.360,0.360,0.04,0.00,0.00,186.03
421.132,0.0000000,0.0000000,0.350,0.350,0.04,0.00,0.00,186.01
421.453,0.0000000,0.0000000,0.340,0.340,0.04,0.00,0.00,186.00
421.774,0.0000000,0.0000000,0.340,0.340,0.03,0.00,0.00,185.99
422.095,0.0000000,0.0000000,0.330,0.330,0.03,0.00,0.00,185.98
422.416,0.0000000,0.0000000,0.300,0.300,0.03,0.00,0.00,185.97
422.736,0.0000000,0.0000000,0.270,0.270,0.02,0.00,0.00,185.96
423.057,0.0000000,0.0000000,0.230,0.230,0.02,0.00,0.00,185.94
423.377,0.0000000,0.0000000,0.190,0.190,0.01,0.00,0.00,185.94
423.697,0.0000000,0.0000000,0.140,0.140,0.00,0.00,0.00,185.92
424.018,0.0000000,0.0000000,0.100,0.100,0.00,0.00,0.00,185.91
424.338,0.0000000,0.0000000,0.070,0.070,-0.02,0.00,0.00,184.99
424.658,0.0000000,0.0000000,0.040,0.040,0.00,0.00,0.00,180.42
424.979,0.0000000,0.0000000,0.010,0.010,0.00,0.00,0.00,177.65
425.299,0.0000000,0.0000000,0.000,0.000,0.00,0.00,0.00,177.67
425.620,0.0000000,0.0000000,0.010,0.010,0.00,0.00,0.00,177.68
425.941,0.0000000,0.0000000,0.020,0.020,0.00,0.00,0.00,177.69
426.263,0.0000000,0.0000000,0.040,0.040,0.00,0.00,0.00,177.63
426.584,0.0000000,0.0000000,0.080,0.080,0.08,0.00,0.00,183.23
7.63
526.058,0.0000000,0.0000000,0.510,0.510,0.01,0.00,0.00,177.65
526.379,0.0000000,0.0000000,0.490,0.490,0.01,0.00,0.00,177.67
526.699,0.0000000,0.0000000,0.450,0.450,0.00,0.00,0.00,177.69
527.021,0.0000000,0.0000000,0.410,0.410,0.00,0.00,0.00,177.70
527.342,0.0000000,0.0000000,0.360,0.360,0.00,0.00,0.00,177.72
527.664,0.0000000,0.0000000,0.310,0.310,-0.01,0.00,0.00,177.74
527.985,0.0000000,0.0000000,0.260,0.260,-0.02,0.00,0.00,177.76
528.306,0.0000000,0.0000000,0.220,0.220,-0.02,0.00,0.00,177.78
528.626,0.0000000,0.0000000,0.180,0.180,-0.03,0.00,0.00,177.79
528.947,0.0000000,0.0000000,0.150,0.150,-0.03,0.00,0.00,177.81
529.267,0.0000000,0.0000000,0.150,0.150,-0.03,0.00,0.00,177.82
529.589,0.0000000,0.0000000,0.150,0.150,-0.03,0.00,0.00,177.84
529.911,0.0000000,0.0000000,0.170,0.170,-0.02,0.00,0.00,177.85
530.233,0.0000000,0.0000000,0.200,0.200,-0.01,0.00,0.00,177.87
530.554,0.0000000,0.0000000,0.250,0.250,0.00,0.00,0.00,177.89
530.875,0.0000000,0.0000000,0.290,0.290,0.00,0.00,0.00,177.92
531.195,0.0000000,0.0000000,0.320,0.320,0.00,0.00,0.00,177.95
531.516,0.0000000,0.0000000,0.350,0.350,0.01,0.00,0.00,177.98
531.837,0.0000000,0.0000000,0.360,0.360,0.01,0.00,0.00,178.00
532.157,0.0000000,0.0000000,0.370,0.370,0.01,0.00,0.00,178.01
532.479,0.0000000,0.0000000,0.380,0.380,0.01,0.00,0.00,178.03
532.799,0.0000000,0.0000000,0.380,0.380,0.01,0.00,0.00,178.04
533.121,0.0000000,0.0000000,0.380,0.380,0.01,0.00,0.00,178.06
533.443,0.0000000,0.0000000,0.370,0.370,0.01,0.00,0.00,178.08
533.764,0.0000000,0.0000000,0.360,0.360,0.00,0.00,0.00,178.10
534.085,0.0000000,0.0000000,0.350,0.350,0.00,0.00,0.00,178.12
534.408,0.0000000,0.0000000,0.320,0.320,0.00,0.00,0.00,178.14
534.728,0.0000000,0.0000000,0.290,0.290,0.00,0.00,0.00,178.15
535.048,0.0000000,0.0000000,0.250,0.250,0.00,0.00,0.00,178.17
535.368,0.0000000,0.0000000,0.200,0.200,-0.01,0.00,0.00,178.19
535.689,0.0000000,0.0000000,0.150,0.150,-0.02,0.00,0.00,178.20
536.010,0.0000000,0.0000000,0.100,0.100,-0.02,0.00,0.00,178.22
536.331,0.0000000,0.0000000,0.060,0.060,-0.03,0.00,0.00,178.24
430.428,0.0000000,0.0000000,0.260,0.260,0.04,0.00,0.00,188.02
467.640,0.0000000,0.0000000,0.380,0.380,0.03,0.00,0.00,186.29
467.960,0.0000000,0.0000000,0.380,0.380,0.03,0.00,0.00,186.28
468.282,0.0000000,0.0000000,0.370,0.370,0.03,0.00,0.00,186.27
468.603,0.0000000,0.0000000,0.370,0.370,0.02,0.00,0.00,186.25
468.924,0.0000000,0.0000000,0.370,0.370,0.02,0.00,0.00,186.25
469.244,0.0000000,0.0000000,0.360,0.360,0.02,0.00,0.00,186.24
469.566,0.0000000,0.0000000,0.350,0.350,0.01,0.00,0.00,186.24
469.887,0.0000000,0.0000000,0.350,0.350,0.01,0.00,0.00,186.23
470.208,0.0000000,0.0000000,0.350,0.350,0.01,0.00,0.00,186.22
470.529,0.0000000,0.0000000,0.350,0.350,0.01,0.00,0.00,186.21
470.850,0.0000000,0.0000000,0.340,0.340,0.01,0.00,0.00,186.20
471.171,0.0000000,0.0000000,0.330,0.330,0.01,0.00,0.00,186.19
471.491,0.0000000,0.0000000,0.330,0.330,0.01,0.00,0.00,186.18
471.811,0.0000000,0.0000000,0.330,0.330,0.02,0.00,0.00,186.17
472.133,0.0000000,0.0000000,0.320,0.320,0.01,0.00,0.00,186.16
472.455,0.0000000,0.0000000,0.300,0.300,0.01,0.00,0.00,186.14
472.775,0.0000000,0.0000000,0.290,0.290,0.01,0.00,0.00,186.12
